<?xml version="1.0" encoding="UTF-8"?>
<coverage generated="1785256389399" clover="3.2.0">
  <project timestamp="1785256389399" name="All files">
    <metrics statements="442" coveredstatements="416" conditionals="456" coveredconditionals="389" methods="91" coveredmethods="87" elements="989" coveredelements="892" complexity="0" loc="442" ncloc="442" packages="6" files="23" classes="23"/>
    <package name="data.models">
      <metrics statements="45" coveredstatements="34" conditionals="209" coveredconditionals="178" methods="17" coveredmethods="17"/>
      <file name="Mapper.ts" path="D:\Documentos\Iniciativas\FinanzasPersonales\zenmoney\src\data\models\Mapper.ts">
        <metrics statements="45" coveredstatements="34" conditionals="209" coveredconditionals="178" methods="17" coveredmethods="17"/>
        <line num="23" count="1" type="stmt"/>
        <line num="35" count="1" type="stmt"/>
        <line num="47" count="1" type="stmt"/>
        <line num="66" count="1" type="stmt"/>
        <line num="86" count="1" type="stmt"/>
        <line num="100" count="1" type="stmt"/>
        <line num="115" count="4" type="stmt"/>
        <line num="116" count="4" type="stmt"/>
        <line num="117" count="4" type="stmt"/>
        <line num="118" count="4" type="stmt"/>
        <line num="119" count="4" type="stmt"/>
        <line num="121" count="4" type="stmt"/>
        <line num="122" count="4" type="cond" truecount="1" falsecount="1"/>
        <line num="124" count="0" type="stmt"/>
        <line num="125" count="0" type="stmt"/>
        <line num="126" count="0" type="stmt"/>
        <line num="130" count="0" type="cond" truecount="0" falsecount="4"/>
        <line num="131" count="0" type="stmt"/>
        <line num="135" count="4" type="cond" truecount="4" falsecount="1"/>
        <line num="136" count="1" type="stmt"/>
        <line num="137" count="1" type="cond" truecount="2" falsecount="0"/>
        <line num="138" count="1" type="cond" truecount="1" falsecount="1"/>
        <line num="139" count="0" type="stmt"/>
        <line num="140" count="0" type="stmt"/>
        <line num="142" count="0" type="stmt"/>
        <line num="145" count="1" type="stmt"/>
        <line num="159" count="4" type="cond" truecount="2" falsecount="2"/>
        <line num="160" count="0" type="stmt"/>
        <line num="161" count="0" type="stmt"/>
        <line num="162" count="0" type="stmt"/>
        <line num="165" count="4" type="stmt"/>
        <line num="191" count="2" type="stmt"/>
        <line num="192" count="2" type="cond" truecount="2" falsecount="0"/>
        <line num="193" count="1" type="stmt"/>
        <line num="194" count="1" type="stmt"/>
        <line num="208" count="2" type="stmt"/>
        <line num="233" count="1" type="stmt"/>
        <line num="251" count="1" type="stmt"/>
        <line num="270" count="1" type="stmt"/>
        <line num="284" count="1" type="stmt"/>
        <line num="299" count="1" type="stmt"/>
        <line num="313" count="1" type="stmt"/>
        <line num="328" count="1" type="stmt"/>
        <line num="340" count="1" type="stmt"/>
        <line num="353" count="1" type="stmt"/>
      </file>
    </package>
    <package name="domain.errors">
      <metrics statements="15" coveredstatements="15" conditionals="10" coveredconditionals="8" methods="7" coveredmethods="7"/>
      <file name="AppError.ts" path="D:\Documentos\Iniciativas\FinanzasPersonales\zenmoney\src\domain\errors\AppError.ts">
        <metrics statements="15" coveredstatements="15" conditionals="10" coveredconditionals="8" methods="7" coveredmethods="7"/>
        <line num="30" count="11" type="stmt"/>
        <line num="31" count="11" type="stmt"/>
        <line num="32" count="11" type="stmt"/>
        <line num="33" count="11" type="stmt"/>
        <line num="34" count="11" type="stmt"/>
        <line num="35" count="11" type="stmt"/>
        <line num="38" count="11" type="stmt"/>
        <line num="42" count="2" type="stmt"/>
        <line num="46" count="2" type="stmt"/>
        <line num="50" count="2" type="stmt"/>
        <line num="54" count="2" type="stmt"/>
        <line num="58" count="1" type="stmt"/>
        <line num="62" count="1" type="cond" truecount="1" falsecount="1"/>
        <line num="63" count="1" type="cond" truecount="1" falsecount="1"/>
        <line num="64" count="1" type="stmt"/>
      </file>
    </package>
    <package name="domain.schemas">
      <metrics statements="25" coveredstatements="21" conditionals="8" coveredconditionals="8" methods="7" coveredmethods="3"/>
      <file name="AccountSchema.ts" path="D:\Documentos\Iniciativas\FinanzasPersonales\zenmoney\src\domain\schemas\AccountSchema.ts">
        <metrics statements="3" coveredstatements="2" conditionals="0" coveredconditionals="0" methods="1" coveredmethods="0"/>
        <line num="3" count="1" type="stmt"/>
        <line num="4" count="0" type="stmt"/>
        <line num="7" count="1" type="stmt"/>
      </file>
      <file name="BudgetSchema.ts" path="D:\Documentos\Iniciativas\FinanzasPersonales\zenmoney\src\domain\schemas\BudgetSchema.ts">
        <metrics statements="2" coveredstatements="2" conditionals="0" coveredconditionals="0" methods="0" coveredmethods="0"/>
        <line num="3" count="1" type="stmt"/>
        <line num="5" count="1" type="stmt"/>
      </file>
      <file name="RecurringRuleSchema.ts" path="D:\Documentos\Iniciativas\FinanzasPersonales\zenmoney\src\domain\schemas\RecurringRuleSchema.ts">
        <metrics statements="3" coveredstatements="2" conditionals="0" coveredconditionals="0" methods="1" coveredmethods="0"/>
        <line num="3" count="1" type="stmt"/>
        <line num="4" count="0" type="stmt"/>
        <line num="7" count="1" type="stmt"/>
      </file>
      <file name="SavingsGoalSchema.ts" path="D:\Documentos\Iniciativas\FinanzasPersonales\zenmoney\src\domain\schemas\SavingsGoalSchema.ts">
        <metrics statements="1" coveredstatements="1" conditionals="0" coveredconditionals="0" methods="0" coveredmethods="0"/>
        <line num="3" count="1" type="stmt"/>
      </file>
      <file name="TransactionSchema.ts" path="D:\Documentos\Iniciativas\FinanzasPersonales\zenmoney\src\domain\schemas\TransactionSchema.ts">
        <metrics statements="16" coveredstatements="14" conditionals="8" coveredconditionals="8" methods="5" coveredmethods="3"/>
        <line num="3" count="3" type="stmt"/>
        <line num="4" count="0" type="stmt"/>
        <line num="7" count="3" type="stmt"/>
        <line num="8" count="0" type="stmt"/>
        <line num="11" count="3" type="stmt"/>
        <line num="13" count="3" type="stmt"/>
        <line num="25" count="3" type="stmt"/>
        <line num="49" count="13" type="cond" truecount="2" falsecount="0"/>
        <line num="50" count="9" type="stmt"/>
        <line num="52" count="4" type="stmt"/>
        <line num="61" count="13" type="cond" truecount="2" falsecount="0"/>
        <line num="62" count="4" type="stmt"/>
        <line num="64" count="9" type="stmt"/>
        <line num="73" count="13" type="cond" truecount="4" falsecount="0"/>
        <line num="74" count="3" type="stmt"/>
        <line num="76" count="10" type="stmt"/>
      </file>
    </package>
    <package name="domain.security">
      <metrics statements="17" coveredstatements="14" conditionals="19" coveredconditionals="16" methods="2" coveredmethods="2"/>
      <file name="SecurityGuard.ts" path="D:\Documentos\Iniciativas\FinanzasPersonales\zenmoney\src\domain\security\SecurityGuard.ts">
        <metrics statements="17" coveredstatements="14" conditionals="19" coveredconditionals="16" methods="2" coveredmethods="2"/>
        <line num="18" count="1" type="stmt"/>
        <line num="27" count="4" type="cond" truecount="2" falsecount="0"/>
        <line num="28" count="1" type="stmt"/>
        <line num="31" count="3" type="cond" truecount="2" falsecount="0"/>
        <line num="32" count="1" type="stmt"/>
        <line num="35" count="2" type="cond" truecount="1" falsecount="1"/>
        <line num="36" count="0" type="stmt"/>
        <line num="39" count="2" type="cond" truecount="2" falsecount="0"/>
        <line num="40" count="1" type="stmt"/>
        <line num="46" count="1" type="stmt"/>
        <line num="56" count="2" type="cond" truecount="1" falsecount="1"/>
        <line num="57" count="0" type="stmt"/>
        <line num="61" count="2" type="cond" truecount="5" falsecount="0"/>
        <line num="62" count="1" type="stmt"/>
        <line num="66" count="1" type="cond" truecount="3" falsecount="1"/>
        <line num="67" count="0" type="stmt"/>
        <line num="70" count="1" type="stmt"/>
      </file>
    </package>
    <package name="domain.usecases">
      <metrics statements="324" coveredstatements="316" conditionals="202" coveredconditionals="171" methods="46" coveredmethods="46"/>
      <file name="CalculateAccountBalance.ts" path="D:\Documentos\Iniciativas\FinanzasPersonales\zenmoney\src\domain\usecases\CalculateAccountBalance.ts">
        <metrics statements="26" coveredstatements="26" conditionals="22" coveredconditionals="18" methods="2" coveredmethods="2"/>
        <line num="12" count="15" type="stmt"/>
        <line num="24" count="18" type="stmt"/>
        <line num="29" count="18" type="stmt"/>
        <line num="30" count="18" type="stmt"/>
        <line num="32" count="18" type="stmt"/>
        <line num="33" count="23" type="stmt"/>
        <line num="35" count="23" type="cond" truecount="2" falsecount="0"/>
        <line num="37" count="6" type="cond" truecount="2" falsecount="0"/>
        <line num="39" count="1" type="stmt"/>
        <line num="40" count="5" type="cond" truecount="2" falsecount="0"/>
        <line num="42" count="1" type="stmt"/>
        <line num="43" count="4" type="cond" truecount="1" falsecount="1"/>
        <line num="44" count="4" type="cond" truecount="2" falsecount="0"/>
        <line num="46" count="2" type="stmt"/>
        <line num="47" count="2" type="cond" truecount="1" falsecount="1"/>
        <line num="49" count="2" type="stmt"/>
        <line num="54" count="17" type="cond" truecount="2" falsecount="0"/>
        <line num="56" count="3" type="stmt"/>
        <line num="57" count="14" type="cond" truecount="2" falsecount="0"/>
        <line num="59" count="10" type="stmt"/>
        <line num="60" count="4" type="cond" truecount="1" falsecount="1"/>
        <line num="61" count="4" type="cond" truecount="2" falsecount="0"/>
        <line num="63" count="2" type="stmt"/>
        <line num="64" count="2" type="cond" truecount="1" falsecount="1"/>
        <line num="66" count="2" type="stmt"/>
        <line num="72" count="18" type="stmt"/>
      </file>
      <file name="CalculateBudgetProgress.ts" path="D:\Documentos\Iniciativas\FinanzasPersonales\zenmoney\src\domain\usecases\CalculateBudgetProgress.ts">
        <metrics statements="16" coveredstatements="16" conditionals="10" coveredconditionals="9" methods="4" coveredmethods="4"/>
        <line num="12" count="4" type="stmt"/>
        <line num="23" count="4" type="stmt"/>
        <line num="25" count="4" type="stmt"/>
        <line num="26" count="4" type="stmt"/>
        <line num="28" count="4" type="stmt"/>
        <line num="37" count="4" type="cond" truecount="4" falsecount="0"/>
        <line num="38" count="2" type="stmt"/>
        <line num="41" count="5" type="stmt"/>
        <line num="42" count="4" type="stmt"/>
        <line num="43" count="4" type="cond" truecount="1" falsecount="1"/>
        <line num="47" count="4" type="stmt"/>
        <line num="48" count="4" type="cond" truecount="2" falsecount="0"/>
        <line num="49" count="1" type="stmt"/>
        <line num="50" count="3" type="cond" truecount="2" falsecount="0"/>
        <line num="51" count="1" type="stmt"/>
        <line num="54" count="4" type="stmt"/>
      </file>
      <file name="CalculateRegistrationStreak.ts" path="D:\Documentos\Iniciativas\FinanzasPersonales\zenmoney\src\domain\usecases\CalculateRegistrationStreak.ts">
        <metrics statements="9" coveredstatements="9" conditionals="2" coveredconditionals="2" methods="1" coveredmethods="1"/>
        <line num="17" count="5" type="stmt"/>
        <line num="19" count="5" type="stmt"/>
        <line num="22" count="5" type="cond" truecount="2" falsecount="0"/>
        <line num="23" count="2" type="stmt"/>
        <line num="26" count="5" type="stmt"/>
        <line num="27" count="5" type="stmt"/>
        <line num="28" count="11" type="stmt"/>
        <line num="29" count="11" type="stmt"/>
        <line num="32" count="5" type="stmt"/>
      </file>
      <file name="DetectAtypicalExpense.ts" path="D:\Documentos\Iniciativas\FinanzasPersonales\zenmoney\src\domain\usecases\DetectAtypicalExpense.ts">
        <metrics statements="11" coveredstatements="11" conditionals="7" coveredconditionals="6" methods="3" coveredmethods="3"/>
        <line num="32" count="3" type="stmt"/>
        <line num="33" count="8" type="cond" truecount="3" falsecount="0"/>
        <line num="37" count="3" type="cond" truecount="2" falsecount="0"/>
        <line num="38" count="1" type="stmt"/>
        <line num="47" count="6" type="stmt"/>
        <line num="48" count="2" type="stmt"/>
        <line num="51" count="2" type="stmt"/>
        <line num="52" count="2" type="stmt"/>
        <line num="54" count="2" type="cond" truecount="1" falsecount="1"/>
        <line num="57" count="3" type="stmt"/>
        <line num="59" count="3" type="stmt"/>
      </file>
      <file name="DetectRegistrationGap.ts" path="D:\Documentos\Iniciativas\FinanzasPersonales\zenmoney\src\domain\usecases\DetectRegistrationGap.ts">
        <metrics statements="18" coveredstatements="18" conditionals="6" coveredconditionals="6" methods="4" coveredmethods="4"/>
        <line num="18" count="1" type="stmt"/>
        <line num="19" count="1" type="stmt"/>
        <line num="20" count="1" type="stmt"/>
        <line num="29" count="4" type="stmt"/>
        <line num="30" count="34" type="stmt"/>
        <line num="31" count="32" type="cond" truecount="2" falsecount="0"/>
        <line num="33" count="4" type="cond" truecount="2" falsecount="0"/>
        <line num="35" count="1" type="stmt"/>
        <line num="38" count="3" type="stmt"/>
        <line num="39" count="3" type="stmt"/>
        <line num="40" count="3" type="stmt"/>
        <line num="42" count="3" type="stmt"/>
        <line num="43" count="3" type="stmt"/>
        <line num="44" count="3" type="stmt"/>
        <line num="46" count="31" type="stmt"/>
        <line num="47" count="3" type="cond" truecount="2" falsecount="0"/>
        <line num="51" count="4" type="stmt"/>
        <line num="53" count="4" type="stmt"/>
      </file>
      <file name="GenerateRecurringInstances.ts" path="D:\Documentos\Iniciativas\FinanzasPersonales\zenmoney\src\domain\usecases\GenerateRecurringInstances.ts">
        <metrics statements="47" coveredstatements="45" conditionals="27" coveredconditionals="22" methods="4" coveredmethods="4"/>
        <line num="20" count="8" type="stmt"/>
        <line num="30" count="14" type="stmt"/>
        <line num="31" count="14" type="stmt"/>
        <line num="32" count="14" type="cond" truecount="2" falsecount="0"/>
        <line num="34" count="13" type="stmt"/>
        <line num="35" count="13" type="stmt"/>
        <line num="36" count="13" type="stmt"/>
        <line num="38" count="13" type="stmt"/>
        <line num="39" count="13" type="stmt"/>
        <line num="40" count="8" type="cond" truecount="1" falsecount="2"/>
        <line num="43" count="13" type="stmt"/>
        <line num="44" count="40" type="cond" truecount="2" falsecount="0"/>
        <line num="45" count="32" type="stmt"/>
        <line num="73" count="32" type="stmt"/>
        <line num="76" count="13" type="stmt"/>
        <line num="83" count="13" type="stmt"/>
        <line num="84" count="13" type="stmt"/>
        <line num="87" count="13" type="stmt"/>
        <line num="88" count="13" type="stmt"/>
        <line num="89" count="13" type="stmt"/>
        <line num="91" count="13" type="stmt"/>
        <line num="92" count="40" type="stmt"/>
        <line num="95" count="40" type="cond" truecount="2" falsecount="0"/>
        <line num="96" count="15" type="stmt"/>
        <line num="97" count="25" type="cond" truecount="2" falsecount="0"/>
        <line num="98" count="4" type="stmt"/>
        <line num="99" count="21" type="cond" truecount="2" falsecount="0"/>
        <line num="100" count="3" type="stmt"/>
        <line num="101" count="18" type="cond" truecount="2" falsecount="0"/>
        <line num="102" count="14" type="stmt"/>
        <line num="103" count="14" type="stmt"/>
        <line num="104" count="14" type="cond" truecount="1" falsecount="1"/>
        <line num="105" count="0" type="stmt"/>
        <line num="106" count="0" type="stmt"/>
        <line num="108" count="14" type="cond" truecount="1" falsecount="1"/>
        <line num="109" count="14" type="stmt"/>
        <line num="110" count="14" type="stmt"/>
        <line num="111" count="14" type="stmt"/>
        <line num="112" count="4" type="cond" truecount="2" falsecount="0"/>
        <line num="113" count="3" type="stmt"/>
        <line num="114" count="3" type="stmt"/>
        <line num="115" count="3" type="stmt"/>
        <line num="116" count="3" type="stmt"/>
        <line num="117" count="3" type="stmt"/>
        <line num="118" count="3" type="stmt"/>
        <line num="120" count="1" type="stmt"/>
        <line num="124" count="13" type="stmt"/>
      </file>
      <file name="GetFinancialSummary.ts" path="D:\Documentos\Iniciativas\FinanzasPersonales\zenmoney\src\domain\usecases\GetFinancialSummary.ts">
        <metrics statements="21" coveredstatements="21" conditionals="10" coveredconditionals="8" methods="4" coveredmethods="4"/>
        <line num="24" count="2" type="stmt"/>
        <line num="30" count="2" type="stmt"/>
        <line num="36" count="2" type="stmt"/>
        <line num="37" count="2" type="stmt"/>
        <line num="38" count="2" type="stmt"/>
        <line num="39" count="2" type="stmt"/>
        <line num="41" count="2" type="stmt"/>
        <line num="42" count="4" type="stmt"/>
        <line num="43" count="4" type="cond" truecount="2" falsecount="0"/>
        <line num="44" count="1" type="stmt"/>
        <line num="45" count="3" type="cond" truecount="1" falsecount="1"/>
        <line num="46" count="3" type="stmt"/>
        <line num="47" count="3" type="stmt"/>
        <line num="49" count="3" type="cond" truecount="1" falsecount="1"/>
        <line num="50" count="3" type="cond" truecount="2" falsecount="0"/>
        <line num="56" count="2" type="stmt"/>
        <line num="57" count="2" type="stmt"/>
        <line num="58" count="1" type="stmt"/>
        <line num="61" count="2" type="stmt"/>
        <line num="62" count="2" type="cond" truecount="2" falsecount="0"/>
        <line num="64" count="2" type="stmt"/>
      </file>
      <file name="GetQuickAddSuggestions.ts" path="D:\Documentos\Iniciativas\FinanzasPersonales\zenmoney\src\domain\usecases\GetQuickAddSuggestions.ts">
        <metrics statements="29" coveredstatements="29" conditionals="24" coveredconditionals="21" methods="3" coveredmethods="3"/>
        <line num="22" count="1" type="stmt"/>
        <line num="23" count="1" type="stmt"/>
        <line num="26" count="5" type="stmt"/>
        <line num="29" count="5" type="stmt"/>
        <line num="34" count="5" type="cond" truecount="1" falsecount="1"/>
        <line num="36" count="5" type="stmt"/>
        <line num="37" count="5" type="stmt"/>
        <line num="39" count="5" type="stmt"/>
        <line num="40" count="23" type="cond" truecount="4" falsecount="0"/>
        <line num="41" count="21" type="stmt"/>
        <line num="42" count="21" type="cond" truecount="1" falsecount="1"/>
        <line num="44" count="21" type="cond" truecount="2" falsecount="0"/>
        <line num="45" count="65" type="stmt"/>
        <line num="46" count="23" type="cond" truecount="4" falsecount="0"/>
        <line num="47" count="14" type="stmt"/>
        <line num="50" count="21" type="cond" truecount="2" falsecount="0"/>
        <line num="51" count="3" type="stmt"/>
        <line num="52" count="3" type="cond" truecount="2" falsecount="0"/>
        <line num="53" count="3" type="cond" truecount="2" falsecount="0"/>
        <line num="57" count="5" type="stmt"/>
        <line num="58" count="5" type="stmt"/>
        <line num="59" count="1" type="stmt"/>
        <line num="60" count="1" type="stmt"/>
        <line num="61" count="1" type="stmt"/>
        <line num="62" count="2" type="cond" truecount="2" falsecount="0"/>
        <line num="63" count="1" type="stmt"/>
        <line num="64" count="1" type="stmt"/>
        <line num="67" count="1" type="cond" truecount="1" falsecount="1"/>
        <line num="70" count="5" type="stmt"/>
      </file>
      <file name="LearnCategorizationFromCorrection.ts" path="D:\Documentos\Iniciativas\FinanzasPersonales\zenmoney\src\domain\usecases\LearnCategorizationFromCorrection.ts">
        <metrics statements="10" coveredstatements="10" conditionals="6" coveredconditionals="6" methods="3" coveredmethods="3"/>
        <line num="20" count="4" type="stmt"/>
        <line num="23" count="4" type="stmt"/>
        <line num="24" count="4" type="cond" truecount="2" falsecount="0"/>
        <line num="26" count="3" type="stmt"/>
        <line num="27" count="2" type="stmt"/>
        <line num="30" count="3" type="cond" truecount="2" falsecount="0"/>
        <line num="31" count="2" type="cond" truecount="2" falsecount="0"/>
        <line num="32" count="1" type="stmt"/>
        <line num="34" count="1" type="stmt"/>
        <line num="40" count="1" type="stmt"/>
      </file>
      <file name="MatchCategorizationRule.ts" path="D:\Documentos\Iniciativas\FinanzasPersonales\zenmoney\src\domain\usecases\MatchCategorizationRule.ts">
        <metrics statements="11" coveredstatements="10" conditionals="10" coveredconditionals="7" methods="3" coveredmethods="3"/>
        <line num="16" count="5" type="stmt"/>
        <line num="17" count="5" type="cond" truecount="1" falsecount="1"/>
        <line num="19" count="5" type="stmt"/>
        <line num="20" count="6" type="stmt"/>
        <line num="21" count="6" type="cond" truecount="1" falsecount="1"/>
        <line num="22" count="6" type="cond" truecount="2" falsecount="0"/>
        <line num="25" count="5" type="cond" truecount="2" falsecount="0"/>
        <line num="27" count="4" type="stmt"/>
        <line num="28" count="1" type="cond" truecount="1" falsecount="1"/>
        <line num="29" count="0" type="stmt"/>
        <line num="32" count="4" type="stmt"/>
      </file>
      <file name="ProjectBudgetExhaustion.ts" path="D:\Documentos\Iniciativas\FinanzasPersonales\zenmoney\src\domain\usecases\ProjectBudgetExhaustion.ts">
        <metrics statements="8" coveredstatements="8" conditionals="8" coveredconditionals="8" methods="1" coveredmethods="1"/>
        <line num="29" count="4" type="cond" truecount="4" falsecount="0"/>
        <line num="30" count="1" type="stmt"/>
        <line num="33" count="3" type="stmt"/>
        <line num="34" count="3" type="cond" truecount="2" falsecount="0"/>
        <line num="35" count="1" type="stmt"/>
        <line num="38" count="2" type="stmt"/>
        <line num="39" count="2" type="stmt"/>
        <line num="41" count="2" type="stmt"/>
      </file>
      <file name="ProjectMonthlyRunway.ts" path="D:\Documentos\Iniciativas\FinanzasPersonales\zenmoney\src\domain\usecases\ProjectMonthlyRunway.ts">
        <metrics statements="60" coveredstatements="56" conditionals="38" coveredconditionals="30" methods="5" coveredmethods="5"/>
        <line num="38" count="3" type="stmt"/>
        <line num="39" count="3" type="stmt"/>
        <line num="40" count="3" type="stmt"/>
        <line num="43" count="3" type="stmt"/>
        <line num="44" count="3" type="stmt"/>
        <line num="45" count="3" type="stmt"/>
        <line num="46" count="3" type="stmt"/>
        <line num="49" count="3" type="stmt"/>
        <line num="50" count="21" type="cond" truecount="2" falsecount="0"/>
        <line num="52" count="21" type="stmt"/>
        <line num="53" count="3" type="cond" truecount="1" falsecount="1"/>
        <line num="56" count="3" type="stmt"/>
        <line num="59" count="3" type="stmt"/>
        <line num="61" count="3" type="stmt"/>
        <line num="62" count="8" type="cond" truecount="2" falsecount="0"/>
        <line num="65" count="7" type="stmt"/>
        <line num="67" count="7" type="stmt"/>
        <line num="68" count="29" type="cond" truecount="2" falsecount="0"/>
        <line num="69" count="1" type="stmt"/>
        <line num="70" count="28" type="cond" truecount="1" falsecount="1"/>
        <line num="71" count="28" type="stmt"/>
        <line num="77" count="3" type="stmt"/>
        <line num="79" count="3" type="stmt"/>
        <line num="94" count="7" type="stmt"/>
        <line num="95" count="7" type="stmt"/>
        <line num="96" count="7" type="stmt"/>
        <line num="98" count="7" type="stmt"/>
        <line num="99" count="7" type="stmt"/>
        <line num="102" count="7" type="stmt"/>
        <line num="103" count="147" type="stmt"/>
        <line num="104" count="147" type="stmt"/>
        <line num="106" count="147" type="cond" truecount="2" falsecount="0"/>
        <line num="108" count="133" type="cond" truecount="2" falsecount="0"/>
        <line num="109" count="21" type="stmt"/>
        <line num="110" count="21" type="stmt"/>
        <line num="111" count="21" type="cond" truecount="1" falsecount="1"/>
        <line num="114" count="112" type="cond" truecount="2" falsecount="0"/>
        <line num="115" count="29" type="stmt"/>
        <line num="119" count="7" type="stmt"/>
        <line num="126" count="112" type="stmt"/>
        <line num="127" count="112" type="stmt"/>
        <line num="130" count="112" type="stmt"/>
        <line num="132" count="112" type="stmt"/>
        <line num="134" count="112" type="cond" truecount="2" falsecount="0"/>
        <line num="135" count="21" type="stmt"/>
        <line num="137" count="91" type="cond" truecount="2" falsecount="0"/>
        <line num="138" count="21" type="stmt"/>
        <line num="140" count="70" type="cond" truecount="2" falsecount="0"/>
        <line num="141" count="21" type="stmt"/>
        <line num="143" count="49" type="cond" truecount="2" falsecount="0"/>
        <line num="144" count="42" type="cond" truecount="1" falsecount="1"/>
        <line num="145" count="42" type="stmt"/>
        <line num="147" count="0" type="stmt"/>
        <line num="149" count="7" type="cond" truecount="1" falsecount="1"/>
        <line num="150" count="7" type="cond" truecount="1" falsecount="1"/>
        <line num="151" count="7" type="cond" truecount="2" falsecount="2"/>
        <line num="152" count="0" type="stmt"/>
        <line num="153" count="0" type="stmt"/>
        <line num="155" count="7" type="stmt"/>
        <line num="160" count="0" type="stmt"/>
      </file>
      <file name="TrendAnalysisUseCase.ts" path="D:\Documentos\Iniciativas\FinanzasPersonales\zenmoney\src\domain\usecases\TrendAnalysisUseCase.ts">
        <metrics statements="27" coveredstatements="27" conditionals="8" coveredconditionals="6" methods="4" coveredmethods="4"/>
        <line num="23" count="1" type="stmt"/>
        <line num="24" count="1" type="stmt"/>
        <line num="28" count="1" type="stmt"/>
        <line num="31" count="1" type="stmt"/>
        <line num="32" count="1" type="stmt"/>
        <line num="34" count="1" type="stmt"/>
        <line num="35" count="12" type="stmt"/>
        <line num="36" count="12" type="stmt"/>
        <line num="37" count="12" type="stmt"/>
        <line num="38" count="12" type="stmt"/>
        <line num="40" count="12" type="stmt"/>
        <line num="49" count="1" type="stmt"/>
        <line num="51" count="1" type="stmt"/>
        <line num="54" count="1" type="stmt"/>
        <line num="55" count="1" type="stmt"/>
        <line num="56" count="12" type="stmt"/>
        <line num="57" count="12" type="stmt"/>
        <line num="58" count="12" type="stmt"/>
        <line num="59" count="12" type="stmt"/>
        <line num="63" count="1" type="stmt"/>
        <line num="64" count="2" type="cond" truecount="1" falsecount="1"/>
        <line num="66" count="2" type="stmt"/>
        <line num="67" count="24" type="stmt"/>
        <line num="68" count="2" type="cond" truecount="1" falsecount="1"/>
        <line num="69" count="2" type="cond" truecount="2" falsecount="0"/>
        <line num="70" count="2" type="cond" truecount="2" falsecount="0"/>
        <line num="74" count="1" type="stmt"/>
      </file>
      <file name="ValidateTransaction.ts" path="D:\Documentos\Iniciativas\FinanzasPersonales\zenmoney\src\domain\usecases\ValidateTransaction.ts">
        <metrics statements="31" coveredstatements="30" conditionals="24" coveredconditionals="22" methods="5" coveredmethods="5"/>
        <line num="21" count="8" type="stmt"/>
        <line num="24" count="8" type="stmt"/>
        <line num="25" count="8" type="cond" truecount="2" falsecount="0"/>
        <line num="26" count="5" type="stmt"/>
        <line num="27" count="5" type="stmt"/>
        <line num="31" count="10" type="cond" truecount="2" falsecount="0"/>
        <line num="32" count="8" type="cond" truecount="2" falsecount="0"/>
        <line num="33" count="1" type="stmt"/>
        <line num="37" count="8" type="cond" truecount="4" falsecount="0"/>
        <line num="38" count="4" type="cond" truecount="2" falsecount="0"/>
        <line num="39" count="2" type="cond" truecount="2" falsecount="0"/>
        <line num="40" count="1" type="stmt"/>
        <line num="45" count="8" type="cond" truecount="2" falsecount="0"/>
        <line num="46" count="2" type="stmt"/>
        <line num="47" count="2" type="stmt"/>
        <line num="48" count="2" type="stmt"/>
        <line num="49" count="2" type="stmt"/>
        <line num="51" count="2" type="stmt"/>
        <line num="52" count="2" type="stmt"/>
        <line num="53" count="2" type="stmt"/>
        <line num="54" count="2" type="stmt"/>
        <line num="56" count="2" type="cond" truecount="1" falsecount="1"/>
        <line num="57" count="0" type="stmt"/>
        <line num="62" count="8" type="stmt"/>
        <line num="64" count="8" type="stmt"/>
        <line num="78" count="6" type="cond" truecount="2" falsecount="0"/>
        <line num="80" count="5" type="stmt"/>
        <line num="86" count="5" type="cond" truecount="1" falsecount="1"/>
        <line num="87" count="6" type="cond" truecount="2" falsecount="0"/>
        <line num="88" count="1" type="stmt"/>
        <line num="94" count="4" type="stmt"/>
      </file>
    </package>
    <package name="domain.value-objects">
      <metrics statements="16" coveredstatements="16" conditionals="8" coveredconditionals="8" methods="12" coveredmethods="12"/>
      <file name="Money.ts" path="D:\Documentos\Iniciativas\FinanzasPersonales\zenmoney\src\domain\value-objects\Money.ts">
        <metrics statements="16" coveredstatements="16" conditionals="8" coveredconditionals="8" methods="12" coveredmethods="12"/>
        <line num="12" count="22" type="stmt"/>
        <line num="13" count="22" type="stmt"/>
        <line num="17" count="16" type="stmt"/>
        <line num="21" count="2" type="stmt"/>
        <line num="25" count="2" type="stmt"/>
        <line num="26" count="2" type="stmt"/>
        <line num="30" count="2" type="stmt"/>
        <line num="31" count="2" type="stmt"/>
        <line num="35" count="1" type="stmt"/>
        <line num="39" count="3" type="cond" truecount="2" falsecount="0"/>
        <line num="43" count="2" type="stmt"/>
        <line num="47" count="2" type="stmt"/>
        <line num="51" count="1" type="stmt"/>
        <line num="55" count="1" type="stmt"/>
        <line num="64" count="4" type="cond" truecount="2" falsecount="0"/>
        <line num="65" count="2" type="stmt"/>
      </file>
    </package>
  </project>
</coverage>
