{"D:\\Documentos\\Iniciativas\\FinanzasPersonales\\zenmoney\\src\\data\\models\\Mapper.ts": {"path":"D:\\Documentos\\Iniciativas\\FinanzasPersonales\\zenmoney\\src\\data\\models\\Mapper.ts","statementMap":{"0":{"start":{"line":23,"column":4},"end":{"line":31,"column":null}},"1":{"start":{"line":35,"column":4},"end":{"line":41,"column":null}},"2":{"start":{"line":47,"column":4},"end":{"line":62,"column":null}},"3":{"start":{"line":66,"column":4},"end":{"line":80,"column":null}},"4":{"start":{"line":86,"column":4},"end":{"line":96,"column":null}},"5":{"start":{"line":100,"column":4},"end":{"line":109,"column":null}},"6":{"start":{"line":115,"column":22},"end":{"line":115,"column":null}},"7":{"start":{"line":116,"column":22},"end":{"line":116,"column":null}},"8":{"start":{"line":117,"column":23},"end":{"line":117,"column":null}},"9":{"start":{"line":118,"column":21},"end":{"line":118,"column":null}},"10":{"start":{"line":119,"column":40},"end":{"line":119,"column":null}},"11":{"start":{"line":121,"column":18},"end":{"line":121,"column":null}},"12":{"start":{"line":122,"column":4},"end":{"line":133,"column":null}},"13":{"start":{"line":124,"column":6},"end":{"line":129,"column":null}},"14":{"start":{"line":125,"column":22},"end":{"line":125,"column":null}},"15":{"start":{"line":126,"column":8},"end":{"line":126,"column":null}},"16":{"start":{"line":130,"column":6},"end":{"line":132,"column":null}},"17":{"start":{"line":131,"column":8},"end":{"line":131,"column":null}},"18":{"start":{"line":135,"column":4},"end":{"line":157,"column":null}},"19":{"start":{"line":136,"column":19},"end":{"line":136,"column":null}},"20":{"start":{"line":137,"column":25},"end":{"line":137,"column":null}},"21":{"start":{"line":138,"column":6},"end":{"line":144,"column":null}},"22":{"start":{"line":139,"column":8},"end":{"line":143,"column":null}},"23":{"start":{"line":140,"column":10},"end":{"line":140,"column":null}},"24":{"start":{"line":142,"column":10},"end":{"line":142,"column":null}},"25":{"start":{"line":145,"column":6},"end":{"line":156,"column":null}},"26":{"start":{"line":159,"column":4},"end":{"line":163,"column":null}},"27":{"start":{"line":160,"column":6},"end":{"line":160,"column":null}},"28":{"start":{"line":161,"column":6},"end":{"line":161,"column":null}},"29":{"start":{"line":162,"column":6},"end":{"line":162,"column":null}},"30":{"start":{"line":165,"column":4},"end":{"line":187,"column":null}},"31":{"start":{"line":191,"column":22},"end":{"line":191,"column":null}},"32":{"start":{"line":192,"column":4},"end":{"line":206,"column":null}},"33":{"start":{"line":193,"column":19},"end":{"line":193,"column":null}},"34":{"start":{"line":194,"column":6},"end":{"line":205,"column":null}},"35":{"start":{"line":208,"column":4},"end":{"line":227,"column":null}},"36":{"start":{"line":233,"column":4},"end":{"line":247,"column":null}},"37":{"start":{"line":251,"column":4},"end":{"line":264,"column":null}},"38":{"start":{"line":270,"column":4},"end":{"line":280,"column":null}},"39":{"start":{"line":284,"column":4},"end":{"line":293,"column":null}},"40":{"start":{"line":299,"column":4},"end":{"line":309,"column":null}},"41":{"start":{"line":313,"column":4},"end":{"line":322,"column":null}},"42":{"start":{"line":328,"column":4},"end":{"line":336,"column":null}},"43":{"start":{"line":340,"column":4},"end":{"line":347,"column":null}},"44":{"start":{"line":353,"column":4},"end":{"line":361,"column":null}}},"fnMap":{"0":{"name":"toDomainUserProfile","decl":{"start":{"line":22,"column":9},"end":{"line":22,"column":29}},"loc":{"start":{"line":22,"column":52},"end":{"line":32,"column":null}},"line":22},"1":{"name":"toDomainFamilyGroup","decl":{"start":{"line":34,"column":9},"end":{"line":34,"column":29}},"loc":{"start":{"line":34,"column":52},"end":{"line":42,"column":null}},"line":34},"2":{"name":"toDomainAccount","decl":{"start":{"line":46,"column":9},"end":{"line":46,"column":25}},"loc":{"start":{"line":46,"column":44},"end":{"line":63,"column":null}},"line":46},"3":{"name":"toDbAccount","decl":{"start":{"line":65,"column":9},"end":{"line":65,"column":21}},"loc":{"start":{"line":65,"column":52},"end":{"line":81,"column":null}},"line":65},"4":{"name":"toDomainCategory","decl":{"start":{"line":85,"column":9},"end":{"line":85,"column":26}},"loc":{"start":{"line":85,"column":46},"end":{"line":97,"column":null}},"line":85},"5":{"name":"toDbCategory","decl":{"start":{"line":99,"column":9},"end":{"line":99,"column":22}},"loc":{"start":{"line":99,"column":54},"end":{"line":110,"column":null}},"line":99},"6":{"name":"toDomainTransaction","decl":{"start":{"line":114,"column":9},"end":{"line":114,"column":29}},"loc":{"start":{"line":114,"column":52},"end":{"line":188,"column":null}},"line":114},"7":{"name":"toDbTransaction","decl":{"start":{"line":190,"column":9},"end":{"line":190,"column":25}},"loc":{"start":{"line":190,"column":60},"end":{"line":228,"column":null}},"line":190},"8":{"name":"toDomainRecurringRule","decl":{"start":{"line":232,"column":9},"end":{"line":232,"column":31}},"loc":{"start":{"line":232,"column":56},"end":{"line":248,"column":null}},"line":232},"9":{"name":"toDbRecurringRule","decl":{"start":{"line":250,"column":9},"end":{"line":250,"column":27}},"loc":{"start":{"line":250,"column":64},"end":{"line":265,"column":null}},"line":250},"10":{"name":"toDomainBudget","decl":{"start":{"line":269,"column":9},"end":{"line":269,"column":24}},"loc":{"start":{"line":269,"column":42},"end":{"line":281,"column":null}},"line":269},"11":{"name":"toDbBudget","decl":{"start":{"line":283,"column":9},"end":{"line":283,"column":20}},"loc":{"start":{"line":283,"column":50},"end":{"line":294,"column":null}},"line":283},"12":{"name":"toDomainSavingsGoal","decl":{"start":{"line":298,"column":9},"end":{"line":298,"column":29}},"loc":{"start":{"line":298,"column":52},"end":{"line":310,"column":null}},"line":298},"13":{"name":"toDbSavingsGoal","decl":{"start":{"line":312,"column":9},"end":{"line":312,"column":25}},"loc":{"start":{"line":312,"column":60},"end":{"line":323,"column":null}},"line":312},"14":{"name":"toDomainCategorizationRule","decl":{"start":{"line":327,"column":9},"end":{"line":327,"column":36}},"loc":{"start":{"line":327,"column":66},"end":{"line":337,"column":null}},"line":327},"15":{"name":"toDbCategorizationRule","decl":{"start":{"line":339,"column":9},"end":{"line":339,"column":32}},"loc":{"start":{"line":339,"column":74},"end":{"line":348,"column":null}},"line":339},"16":{"name":"toDomainAssistantMessage","decl":{"start":{"line":352,"column":9},"end":{"line":352,"column":34}},"loc":{"start":{"line":352,"column":62},"end":{"line":362,"column":null}},"line":352}},"branchMap":{"0":{"loc":{"start":{"line":52,"column":13},"end":{"line":52,"column":null}},"type":"cond-expr","locations":[{"start":{"line":52,"column":39},"end":{"line":52,"column":48}},{"start":{"line":52,"column":48},"end":{"line":52,"column":null}}],"line":52},"1":{"loc":{"start":{"line":57,"column":18},"end":{"line":57,"column":null}},"type":"cond-expr","locations":[{"start":{"line":57,"column":36},"end":{"line":57,"column":62}},{"start":{"line":57,"column":62},"end":{"line":57,"column":null}}],"line":57},"2":{"loc":{"start":{"line":58,"column":18},"end":{"line":58,"column":null}},"type":"cond-expr","locations":[{"start":{"line":58,"column":36},"end":{"line":58,"column":62}},{"start":{"line":58,"column":62},"end":{"line":58,"column":null}}],"line":58},"3":{"loc":{"start":{"line":67,"column":10},"end":{"line":67,"column":null}},"type":"binary-expr","locations":[{"start":{"line":67,"column":10},"end":{"line":67,"column":23}},{"start":{"line":67,"column":23},"end":{"line":67,"column":null}}],"line":67},"4":{"loc":{"start":{"line":68,"column":10},"end":{"line":68,"column":null}},"type":"binary-expr","locations":[{"start":{"line":68,"column":10},"end":{"line":68,"column":34}},{"start":{"line":68,"column":34},"end":{"line":68,"column":null}}],"line":68},"5":{"loc":{"start":{"line":69,"column":10},"end":{"line":69,"column":null}},"type":"binary-expr","locations":[{"start":{"line":69,"column":10},"end":{"line":69,"column":32}},{"start":{"line":69,"column":32},"end":{"line":69,"column":null}}],"line":69},"6":{"loc":{"start":{"line":70,"column":10},"end":{"line":70,"column":null}},"type":"binary-expr","locations":[{"start":{"line":70,"column":10},"end":{"line":70,"column":25}},{"start":{"line":70,"column":25},"end":{"line":70,"column":null}}],"line":70},"7":{"loc":{"start":{"line":71,"column":10},"end":{"line":71,"column":null}},"type":"binary-expr","locations":[{"start":{"line":71,"column":10},"end":{"line":71,"column":25}},{"start":{"line":71,"column":25},"end":{"line":71,"column":null}}],"line":71},"8":{"loc":{"start":{"line":72,"column":10},"end":{"line":72,"column":null}},"type":"binary-expr","locations":[{"start":{"line":72,"column":10},"end":{"line":72,"column":49}},{"start":{"line":72,"column":49},"end":{"line":72,"column":null}}],"line":72},"9":{"loc":{"start":{"line":73,"column":10},"end":{"line":73,"column":null}},"type":"binary-expr","locations":[{"start":{"line":73,"column":10},"end":{"line":73,"column":29}},{"start":{"line":73,"column":29},"end":{"line":73,"column":null}}],"line":73},"10":{"loc":{"start":{"line":74,"column":10},"end":{"line":74,"column":null}},"type":"binary-expr","locations":[{"start":{"line":74,"column":10},"end":{"line":74,"column":43}},{"start":{"line":74,"column":43},"end":{"line":74,"column":null}}],"line":74},"11":{"loc":{"start":{"line":75,"column":10},"end":{"line":75,"column":null}},"type":"binary-expr","locations":[{"start":{"line":75,"column":10},"end":{"line":75,"column":45}},{"start":{"line":75,"column":45},"end":{"line":75,"column":null}}],"line":75},"12":{"loc":{"start":{"line":76,"column":10},"end":{"line":76,"column":null}},"type":"binary-expr","locations":[{"start":{"line":76,"column":10},"end":{"line":76,"column":45}},{"start":{"line":76,"column":45},"end":{"line":76,"column":null}}],"line":76},"13":{"loc":{"start":{"line":77,"column":10},"end":{"line":77,"column":null}},"type":"binary-expr","locations":[{"start":{"line":77,"column":10},"end":{"line":77,"column":44}},{"start":{"line":77,"column":44},"end":{"line":77,"column":null}}],"line":77},"14":{"loc":{"start":{"line":78,"column":10},"end":{"line":78,"column":null}},"type":"binary-expr","locations":[{"start":{"line":78,"column":10},"end":{"line":78,"column":26}},{"start":{"line":78,"column":26},"end":{"line":78,"column":null}}],"line":78},"15":{"loc":{"start":{"line":79,"column":10},"end":{"line":79,"column":null}},"type":"binary-expr","locations":[{"start":{"line":79,"column":10},"end":{"line":79,"column":25}},{"start":{"line":79,"column":25},"end":{"line":79,"column":null}}],"line":79},"16":{"loc":{"start":{"line":101,"column":10},"end":{"line":101,"column":null}},"type":"binary-expr","locations":[{"start":{"line":101,"column":10},"end":{"line":101,"column":23}},{"start":{"line":101,"column":23},"end":{"line":101,"column":null}}],"line":101},"17":{"loc":{"start":{"line":102,"column":10},"end":{"line":102,"column":null}},"type":"binary-expr","locations":[{"start":{"line":102,"column":10},"end":{"line":102,"column":48}},{"start":{"line":102,"column":48},"end":{"line":102,"column":null}}],"line":102},"18":{"loc":{"start":{"line":102,"column":67},"end":{"line":102,"column":96}},"type":"binary-expr","locations":[{"start":{"line":102,"column":67},"end":{"line":102,"column":91}},{"start":{"line":102,"column":91},"end":{"line":102,"column":96}}],"line":102},"19":{"loc":{"start":{"line":103,"column":10},"end":{"line":103,"column":null}},"type":"binary-expr","locations":[{"start":{"line":103,"column":10},"end":{"line":103,"column":25}},{"start":{"line":103,"column":25},"end":{"line":103,"column":null}}],"line":103},"20":{"loc":{"start":{"line":104,"column":10},"end":{"line":104,"column":null}},"type":"binary-expr","locations":[{"start":{"line":104,"column":10},"end":{"line":104,"column":25}},{"start":{"line":104,"column":25},"end":{"line":104,"column":null}}],"line":104},"21":{"loc":{"start":{"line":105,"column":10},"end":{"line":105,"column":null}},"type":"binary-expr","locations":[{"start":{"line":105,"column":10},"end":{"line":105,"column":26}},{"start":{"line":105,"column":26},"end":{"line":105,"column":null}}],"line":105},"22":{"loc":{"start":{"line":106,"column":10},"end":{"line":106,"column":null}},"type":"binary-expr","locations":[{"start":{"line":106,"column":10},"end":{"line":106,"column":51}},{"start":{"line":106,"column":51},"end":{"line":106,"column":null}}],"line":106},"23":{"loc":{"start":{"line":106,"column":73},"end":{"line":106,"column":105}},"type":"binary-expr","locations":[{"start":{"line":106,"column":73},"end":{"line":106,"column":100}},{"start":{"line":106,"column":100},"end":{"line":106,"column":105}}],"line":106},"24":{"loc":{"start":{"line":107,"column":10},"end":{"line":107,"column":null}},"type":"binary-expr","locations":[{"start":{"line":107,"column":10},"end":{"line":107,"column":43}},{"start":{"line":107,"column":43},"end":{"line":107,"column":null}}],"line":107},"25":{"loc":{"start":{"line":108,"column":10},"end":{"line":108,"column":null}},"type":"binary-expr","locations":[{"start":{"line":108,"column":10},"end":{"line":108,"column":44}},{"start":{"line":108,"column":44},"end":{"line":108,"column":null}}],"line":108},"26":{"loc":{"start":{"line":122,"column":4},"end":{"line":133,"column":null}},"type":"if","locations":[{"start":{"line":122,"column":4},"end":{"line":133,"column":null}},{"start":{},"end":{}}],"line":122},"27":{"loc":{"start":{"line":130,"column":6},"end":{"line":132,"column":null}},"type":"if","locations":[{"start":{"line":130,"column":6},"end":{"line":132,"column":null}},{"start":{},"end":{}}],"line":130},"28":{"loc":{"start":{"line":130,"column":10},"end":{"line":130,"column":51}},"type":"binary-expr","locations":[{"start":{"line":130,"column":10},"end":{"line":130,"column":27}},{"start":{"line":130,"column":27},"end":{"line":130,"column":51}}],"line":130},"29":{"loc":{"start":{"line":135,"column":4},"end":{"line":157,"column":null}},"type":"if","locations":[{"start":{"line":135,"column":4},"end":{"line":157,"column":null}},{"start":{},"end":{}}],"line":135},"30":{"loc":{"start":{"line":135,"column":8},"end":{"line":135,"column":52}},"type":"binary-expr","locations":[{"start":{"line":135,"column":8},"end":{"line":135,"column":28}},{"start":{"line":135,"column":28},"end":{"line":135,"column":42}},{"start":{"line":135,"column":42},"end":{"line":135,"column":52}}],"line":135},"31":{"loc":{"start":{"line":137,"column":25},"end":{"line":137,"column":null}},"type":"binary-expr","locations":[{"start":{"line":137,"column":25},"end":{"line":137,"column":46}},{"start":{"line":137,"column":46},"end":{"line":137,"column":null}}],"line":137},"32":{"loc":{"start":{"line":138,"column":6},"end":{"line":144,"column":null}},"type":"if","locations":[{"start":{"line":138,"column":6},"end":{"line":144,"column":null}},{"start":{},"end":{}}],"line":138},"33":{"loc":{"start":{"line":146,"column":18},"end":{"line":146,"column":null}},"type":"binary-expr","locations":[{"start":{"line":146,"column":18},"end":{"line":146,"column":36}},{"start":{"line":146,"column":36},"end":{"line":146,"column":null}}],"line":146},"34":{"loc":{"start":{"line":147,"column":22},"end":{"line":147,"column":null}},"type":"cond-expr","locations":[{"start":{"line":147,"column":57},"end":{"line":147,"column":78}},{"start":{"line":147,"column":78},"end":{"line":147,"column":null}}],"line":147},"35":{"loc":{"start":{"line":148,"column":24},"end":{"line":148,"column":null}},"type":"binary-expr","locations":[{"start":{"line":148,"column":24},"end":{"line":148,"column":48}},{"start":{"line":148,"column":48},"end":{"line":148,"column":null}}],"line":148},"36":{"loc":{"start":{"line":149,"column":23},"end":{"line":149,"column":null}},"type":"binary-expr","locations":[{"start":{"line":149,"column":23},"end":{"line":149,"column":46}},{"start":{"line":149,"column":46},"end":{"line":149,"column":null}}],"line":149},"37":{"loc":{"start":{"line":150,"column":24},"end":{"line":150,"column":null}},"type":"binary-expr","locations":[{"start":{"line":150,"column":24},"end":{"line":150,"column":48}},{"start":{"line":150,"column":48},"end":{"line":150,"column":null}}],"line":150},"38":{"loc":{"start":{"line":151,"column":20},"end":{"line":151,"column":null}},"type":"binary-expr","locations":[{"start":{"line":151,"column":20},"end":{"line":151,"column":39}},{"start":{"line":151,"column":39},"end":{"line":151,"column":null}}],"line":151},"39":{"loc":{"start":{"line":152,"column":21},"end":{"line":152,"column":null}},"type":"binary-expr","locations":[{"start":{"line":152,"column":21},"end":{"line":152,"column":41}},{"start":{"line":152,"column":41},"end":{"line":152,"column":null}}],"line":152},"40":{"loc":{"start":{"line":153,"column":17},"end":{"line":153,"column":null}},"type":"binary-expr","locations":[{"start":{"line":153,"column":17},"end":{"line":153,"column":34}},{"start":{"line":153,"column":34},"end":{"line":153,"column":null}}],"line":153},"41":{"loc":{"start":{"line":155,"column":23},"end":{"line":155,"column":null}},"type":"binary-expr","locations":[{"start":{"line":155,"column":23},"end":{"line":155,"column":47}},{"start":{"line":155,"column":47},"end":{"line":155,"column":null}}],"line":155},"42":{"loc":{"start":{"line":159,"column":4},"end":{"line":163,"column":null}},"type":"if","locations":[{"start":{"line":159,"column":4},"end":{"line":163,"column":null}},{"start":{},"end":{}}],"line":159},"43":{"loc":{"start":{"line":159,"column":8},"end":{"line":159,"column":31}},"type":"binary-expr","locations":[{"start":{"line":159,"column":8},"end":{"line":159,"column":21}},{"start":{"line":159,"column":21},"end":{"line":159,"column":31}}],"line":159},"44":{"loc":{"start":{"line":192,"column":4},"end":{"line":206,"column":null}},"type":"if","locations":[{"start":{"line":192,"column":4},"end":{"line":206,"column":null}},{"start":{},"end":{}}],"line":192},"45":{"loc":{"start":{"line":202,"column":18},"end":{"line":202,"column":null}},"type":"binary-expr","locations":[{"start":{"line":202,"column":18},"end":{"line":202,"column":34}},{"start":{"line":202,"column":34},"end":{"line":202,"column":null}}],"line":202},"46":{"loc":{"start":{"line":203,"column":23},"end":{"line":203,"column":null}},"type":"binary-expr","locations":[{"start":{"line":203,"column":23},"end":{"line":203,"column":52}},{"start":{"line":203,"column":52},"end":{"line":203,"column":null}}],"line":203},"47":{"loc":{"start":{"line":204,"column":26},"end":{"line":204,"column":null}},"type":"binary-expr","locations":[{"start":{"line":204,"column":26},"end":{"line":204,"column":56}},{"start":{"line":204,"column":56},"end":{"line":204,"column":null}}],"line":204},"48":{"loc":{"start":{"line":209,"column":10},"end":{"line":209,"column":null}},"type":"binary-expr","locations":[{"start":{"line":209,"column":10},"end":{"line":209,"column":23}},{"start":{"line":209,"column":23},"end":{"line":209,"column":null}}],"line":209},"49":{"loc":{"start":{"line":210,"column":10},"end":{"line":210,"column":null}},"type":"binary-expr","locations":[{"start":{"line":210,"column":10},"end":{"line":210,"column":34}},{"start":{"line":210,"column":34},"end":{"line":210,"column":null}}],"line":210},"50":{"loc":{"start":{"line":211,"column":10},"end":{"line":211,"column":null}},"type":"binary-expr","locations":[{"start":{"line":211,"column":10},"end":{"line":211,"column":30}},{"start":{"line":211,"column":30},"end":{"line":211,"column":null}}],"line":211},"51":{"loc":{"start":{"line":212,"column":19},"end":{"line":212,"column":null}},"type":"binary-expr","locations":[{"start":{"line":212,"column":19},"end":{"line":212,"column":40}},{"start":{"line":212,"column":40},"end":{"line":212,"column":null}}],"line":212},"52":{"loc":{"start":{"line":213,"column":10},"end":{"line":213,"column":null}},"type":"binary-expr","locations":[{"start":{"line":213,"column":10},"end":{"line":213,"column":36}},{"start":{"line":213,"column":36},"end":{"line":213,"column":null}}],"line":213},"53":{"loc":{"start":{"line":214,"column":10},"end":{"line":214,"column":null}},"type":"binary-expr","locations":[{"start":{"line":214,"column":10},"end":{"line":214,"column":25}},{"start":{"line":214,"column":25},"end":{"line":214,"column":null}}],"line":214},"54":{"loc":{"start":{"line":215,"column":10},"end":{"line":215,"column":null}},"type":"binary-expr","locations":[{"start":{"line":215,"column":10},"end":{"line":215,"column":41}},{"start":{"line":215,"column":41},"end":{"line":215,"column":null}}],"line":215},"55":{"loc":{"start":{"line":216,"column":10},"end":{"line":216,"column":null}},"type":"binary-expr","locations":[{"start":{"line":216,"column":10},"end":{"line":216,"column":29}},{"start":{"line":216,"column":29},"end":{"line":216,"column":null}}],"line":216},"56":{"loc":{"start":{"line":217,"column":19},"end":{"line":217,"column":null}},"type":"binary-expr","locations":[{"start":{"line":217,"column":19},"end":{"line":217,"column":41}},{"start":{"line":217,"column":41},"end":{"line":217,"column":null}}],"line":217},"57":{"loc":{"start":{"line":218,"column":21},"end":{"line":218,"column":null}},"type":"binary-expr","locations":[{"start":{"line":218,"column":21},"end":{"line":218,"column":44}},{"start":{"line":218,"column":44},"end":{"line":218,"column":null}}],"line":218},"58":{"loc":{"start":{"line":219,"column":10},"end":{"line":219,"column":null}},"type":"binary-expr","locations":[{"start":{"line":219,"column":10},"end":{"line":219,"column":36}},{"start":{"line":219,"column":36},"end":{"line":219,"column":null}}],"line":219},"59":{"loc":{"start":{"line":220,"column":30},"end":{"line":220,"column":null}},"type":"binary-expr","locations":[{"start":{"line":220,"column":30},"end":{"line":220,"column":60}},{"start":{"line":220,"column":60},"end":{"line":220,"column":null}}],"line":220},"60":{"loc":{"start":{"line":221,"column":10},"end":{"line":221,"column":null}},"type":"binary-expr","locations":[{"start":{"line":221,"column":10},"end":{"line":221,"column":54}},{"start":{"line":221,"column":54},"end":{"line":221,"column":null}}],"line":221},"61":{"loc":{"start":{"line":222,"column":25},"end":{"line":222,"column":null}},"type":"binary-expr","locations":[{"start":{"line":222,"column":25},"end":{"line":222,"column":51}},{"start":{"line":222,"column":51},"end":{"line":222,"column":null}}],"line":222},"62":{"loc":{"start":{"line":223,"column":10},"end":{"line":223,"column":null}},"type":"binary-expr","locations":[{"start":{"line":223,"column":10},"end":{"line":223,"column":27}},{"start":{"line":223,"column":27},"end":{"line":223,"column":null}}],"line":223},"63":{"loc":{"start":{"line":224,"column":10},"end":{"line":224,"column":null}},"type":"binary-expr","locations":[{"start":{"line":224,"column":10},"end":{"line":224,"column":32}},{"start":{"line":224,"column":32},"end":{"line":224,"column":null}}],"line":224},"64":{"loc":{"start":{"line":225,"column":10},"end":{"line":225,"column":null}},"type":"binary-expr","locations":[{"start":{"line":225,"column":10},"end":{"line":225,"column":44}},{"start":{"line":225,"column":44},"end":{"line":225,"column":null}}],"line":225},"65":{"loc":{"start":{"line":252,"column":10},"end":{"line":252,"column":null}},"type":"binary-expr","locations":[{"start":{"line":252,"column":10},"end":{"line":252,"column":23}},{"start":{"line":252,"column":23},"end":{"line":252,"column":null}}],"line":252},"66":{"loc":{"start":{"line":253,"column":10},"end":{"line":253,"column":null}},"type":"binary-expr","locations":[{"start":{"line":253,"column":10},"end":{"line":253,"column":34}},{"start":{"line":253,"column":34},"end":{"line":253,"column":null}}],"line":253},"67":{"loc":{"start":{"line":254,"column":10},"end":{"line":254,"column":null}},"type":"binary-expr","locations":[{"start":{"line":254,"column":10},"end":{"line":254,"column":30}},{"start":{"line":254,"column":30},"end":{"line":254,"column":null}}],"line":254},"68":{"loc":{"start":{"line":255,"column":10},"end":{"line":255,"column":null}},"type":"binary-expr","locations":[{"start":{"line":255,"column":10},"end":{"line":255,"column":45}},{"start":{"line":255,"column":45},"end":{"line":255,"column":null}}],"line":255},"69":{"loc":{"start":{"line":255,"column":60},"end":{"line":255,"column":86}},"type":"binary-expr","locations":[{"start":{"line":255,"column":60},"end":{"line":255,"column":81}},{"start":{"line":255,"column":81},"end":{"line":255,"column":86}}],"line":255},"70":{"loc":{"start":{"line":256,"column":10},"end":{"line":256,"column":null}},"type":"binary-expr","locations":[{"start":{"line":256,"column":10},"end":{"line":256,"column":25}},{"start":{"line":256,"column":25},"end":{"line":256,"column":null}}],"line":256},"71":{"loc":{"start":{"line":257,"column":10},"end":{"line":257,"column":null}},"type":"binary-expr","locations":[{"start":{"line":257,"column":10},"end":{"line":257,"column":41}},{"start":{"line":257,"column":41},"end":{"line":257,"column":null}}],"line":257},"72":{"loc":{"start":{"line":258,"column":10},"end":{"line":258,"column":null}},"type":"binary-expr","locations":[{"start":{"line":258,"column":10},"end":{"line":258,"column":46}},{"start":{"line":258,"column":46},"end":{"line":258,"column":null}}],"line":258},"73":{"loc":{"start":{"line":258,"column":61},"end":{"line":258,"column":88}},"type":"binary-expr","locations":[{"start":{"line":258,"column":61},"end":{"line":258,"column":83}},{"start":{"line":258,"column":83},"end":{"line":258,"column":88}}],"line":258},"74":{"loc":{"start":{"line":259,"column":10},"end":{"line":259,"column":null}},"type":"binary-expr","locations":[{"start":{"line":259,"column":10},"end":{"line":259,"column":30}},{"start":{"line":259,"column":30},"end":{"line":259,"column":null}}],"line":259},"75":{"loc":{"start":{"line":260,"column":10},"end":{"line":260,"column":null}},"type":"binary-expr","locations":[{"start":{"line":260,"column":10},"end":{"line":260,"column":45}},{"start":{"line":260,"column":45},"end":{"line":260,"column":null}}],"line":260},"76":{"loc":{"start":{"line":260,"column":61},"end":{"line":260,"column":87}},"type":"binary-expr","locations":[{"start":{"line":260,"column":61},"end":{"line":260,"column":82}},{"start":{"line":260,"column":82},"end":{"line":260,"column":87}}],"line":260},"77":{"loc":{"start":{"line":261,"column":10},"end":{"line":261,"column":null}},"type":"binary-expr","locations":[{"start":{"line":261,"column":10},"end":{"line":261,"column":30}},{"start":{"line":261,"column":30},"end":{"line":261,"column":null}}],"line":261},"78":{"loc":{"start":{"line":262,"column":10},"end":{"line":262,"column":null}},"type":"binary-expr","locations":[{"start":{"line":262,"column":10},"end":{"line":262,"column":42}},{"start":{"line":262,"column":42},"end":{"line":262,"column":null}}],"line":262},"79":{"loc":{"start":{"line":262,"column":54},"end":{"line":262,"column":77}},"type":"binary-expr","locations":[{"start":{"line":262,"column":54},"end":{"line":262,"column":72}},{"start":{"line":262,"column":72},"end":{"line":262,"column":77}}],"line":262},"80":{"loc":{"start":{"line":263,"column":10},"end":{"line":263,"column":null}},"type":"binary-expr","locations":[{"start":{"line":263,"column":10},"end":{"line":263,"column":43}},{"start":{"line":263,"column":43},"end":{"line":263,"column":null}}],"line":263},"81":{"loc":{"start":{"line":285,"column":10},"end":{"line":285,"column":null}},"type":"binary-expr","locations":[{"start":{"line":285,"column":10},"end":{"line":285,"column":23}},{"start":{"line":285,"column":23},"end":{"line":285,"column":null}}],"line":285},"82":{"loc":{"start":{"line":286,"column":10},"end":{"line":286,"column":null}},"type":"binary-expr","locations":[{"start":{"line":286,"column":10},"end":{"line":286,"column":34}},{"start":{"line":286,"column":34},"end":{"line":286,"column":null}}],"line":286},"83":{"loc":{"start":{"line":287,"column":10},"end":{"line":287,"column":null}},"type":"binary-expr","locations":[{"start":{"line":287,"column":10},"end":{"line":287,"column":31}},{"start":{"line":287,"column":31},"end":{"line":287,"column":null}}],"line":287},"84":{"loc":{"start":{"line":288,"column":10},"end":{"line":288,"column":null}},"type":"binary-expr","locations":[{"start":{"line":288,"column":10},"end":{"line":288,"column":46}},{"start":{"line":288,"column":46},"end":{"line":288,"column":null}}],"line":288},"85":{"loc":{"start":{"line":289,"column":10},"end":{"line":289,"column":null}},"type":"binary-expr","locations":[{"start":{"line":289,"column":10},"end":{"line":289,"column":39}},{"start":{"line":289,"column":39},"end":{"line":289,"column":null}}],"line":289},"86":{"loc":{"start":{"line":290,"column":10},"end":{"line":290,"column":null}},"type":"binary-expr","locations":[{"start":{"line":290,"column":10},"end":{"line":290,"column":40}},{"start":{"line":290,"column":40},"end":{"line":290,"column":null}}],"line":290},"87":{"loc":{"start":{"line":291,"column":10},"end":{"line":291,"column":null}},"type":"binary-expr","locations":[{"start":{"line":291,"column":10},"end":{"line":291,"column":26}},{"start":{"line":291,"column":26},"end":{"line":291,"column":null}}],"line":291},"88":{"loc":{"start":{"line":292,"column":21},"end":{"line":292,"column":null}},"type":"binary-expr","locations":[{"start":{"line":292,"column":21},"end":{"line":292,"column":43}},{"start":{"line":292,"column":43},"end":{"line":292,"column":null}}],"line":292},"89":{"loc":{"start":{"line":314,"column":10},"end":{"line":314,"column":null}},"type":"binary-expr","locations":[{"start":{"line":314,"column":10},"end":{"line":314,"column":23}},{"start":{"line":314,"column":23},"end":{"line":314,"column":null}}],"line":314},"90":{"loc":{"start":{"line":315,"column":10},"end":{"line":315,"column":null}},"type":"binary-expr","locations":[{"start":{"line":315,"column":10},"end":{"line":315,"column":34}},{"start":{"line":315,"column":34},"end":{"line":315,"column":null}}],"line":315},"91":{"loc":{"start":{"line":316,"column":10},"end":{"line":316,"column":null}},"type":"binary-expr","locations":[{"start":{"line":316,"column":10},"end":{"line":316,"column":32}},{"start":{"line":316,"column":32},"end":{"line":316,"column":null}}],"line":316},"92":{"loc":{"start":{"line":317,"column":10},"end":{"line":317,"column":null}},"type":"binary-expr","locations":[{"start":{"line":317,"column":10},"end":{"line":317,"column":25}},{"start":{"line":317,"column":25},"end":{"line":317,"column":null}}],"line":317},"93":{"loc":{"start":{"line":318,"column":10},"end":{"line":318,"column":null}},"type":"binary-expr","locations":[{"start":{"line":318,"column":10},"end":{"line":318,"column":47}},{"start":{"line":318,"column":47},"end":{"line":318,"column":null}}],"line":318},"94":{"loc":{"start":{"line":319,"column":10},"end":{"line":319,"column":null}},"type":"binary-expr","locations":[{"start":{"line":319,"column":10},"end":{"line":319,"column":48}},{"start":{"line":319,"column":48},"end":{"line":319,"column":null}}],"line":319},"95":{"loc":{"start":{"line":320,"column":10},"end":{"line":320,"column":null}},"type":"binary-expr","locations":[{"start":{"line":320,"column":10},"end":{"line":320,"column":31}},{"start":{"line":320,"column":31},"end":{"line":320,"column":null}}],"line":320},"96":{"loc":{"start":{"line":321,"column":10},"end":{"line":321,"column":null}},"type":"binary-expr","locations":[{"start":{"line":321,"column":10},"end":{"line":321,"column":27}},{"start":{"line":321,"column":27},"end":{"line":321,"column":null}}],"line":321},"97":{"loc":{"start":{"line":341,"column":10},"end":{"line":341,"column":null}},"type":"binary-expr","locations":[{"start":{"line":341,"column":10},"end":{"line":341,"column":23}},{"start":{"line":341,"column":23},"end":{"line":341,"column":null}}],"line":341},"98":{"loc":{"start":{"line":342,"column":10},"end":{"line":342,"column":null}},"type":"binary-expr","locations":[{"start":{"line":342,"column":10},"end":{"line":342,"column":34}},{"start":{"line":342,"column":34},"end":{"line":342,"column":null}}],"line":342},"99":{"loc":{"start":{"line":343,"column":10},"end":{"line":343,"column":null}},"type":"binary-expr","locations":[{"start":{"line":343,"column":10},"end":{"line":343,"column":33}},{"start":{"line":343,"column":33},"end":{"line":343,"column":null}}],"line":343},"100":{"loc":{"start":{"line":344,"column":10},"end":{"line":344,"column":null}},"type":"binary-expr","locations":[{"start":{"line":344,"column":10},"end":{"line":344,"column":31}},{"start":{"line":344,"column":31},"end":{"line":344,"column":null}}],"line":344},"101":{"loc":{"start":{"line":345,"column":10},"end":{"line":345,"column":null}},"type":"binary-expr","locations":[{"start":{"line":345,"column":10},"end":{"line":345,"column":43}},{"start":{"line":345,"column":43},"end":{"line":345,"column":null}}],"line":345},"102":{"loc":{"start":{"line":346,"column":10},"end":{"line":346,"column":null}},"type":"binary-expr","locations":[{"start":{"line":346,"column":10},"end":{"line":346,"column":48}},{"start":{"line":346,"column":48},"end":{"line":346,"column":null}}],"line":346},"103":{"loc":{"start":{"line":359,"column":24},"end":{"line":359,"column":null}},"type":"binary-expr","locations":[{"start":{"line":359,"column":24},"end":{"line":359,"column":49}},{"start":{"line":359,"column":49},"end":{"line":359,"column":null}}],"line":359}},"s":{"0":1,"1":1,"2":1,"3":1,"4":1,"5":1,"6":4,"7":4,"8":4,"9":4,"10":4,"11":4,"12":4,"13":0,"14":0,"15":0,"16":0,"17":0,"18":4,"19":1,"20":1,"21":1,"22":0,"23":0,"24":0,"25":1,"26":4,"27":0,"28":0,"29":0,"30":4,"31":2,"32":2,"33":1,"34":1,"35":2,"36":1,"37":1,"38":1,"39":1,"40":1,"41":1,"42":1,"43":1,"44":1},"f":{"0":3,"1":3,"2":3,"3":3,"4":3,"5":3,"6":3,"7":3,"8":3,"9":3,"10":3,"11":3,"12":3,"13":3,"14":3,"15":3,"16":3},"b":{"0":[1,0],"1":[1,0],"2":[1,0],"3":[1,1],"4":[1,1],"5":[1,1],"6":[1,1],"7":[1,1],"8":[1,1],"9":[1,1],"10":[1,1],"11":[1,0],"12":[1,0],"13":[1,0],"14":[1,0],"15":[1,0],"16":[1,1],"17":[1,1],"18":[1,0],"19":[1,1],"20":[1,1],"21":[1,1],"22":[1,1],"23":[1,1],"24":[1,1],"25":[1,1],"26":[0,4],"27":[0,0],"28":[0,0],"29":[1,3],"30":[4,1,0],"31":[1,1],"32":[0,1],"33":[1,0],"34":[1,0],"35":[1,0],"36":[1,1],"37":[1,0],"38":[1,0],"39":[1,0],"40":[1,0],"41":[1,1],"42":[0,4],"43":[4,0],"44":[1,1],"45":[1,0],"46":[1,1],"47":[1,1],"48":[2,1],"49":[2,2],"50":[2,2],"51":[2,0],"52":[2,2],"53":[2,2],"54":[2,2],"55":[2,2],"56":[2,1],"57":[2,1],"58":[2,2],"59":[2,2],"60":[2,1],"61":[2,2],"62":[2,2],"63":[2,1],"64":[2,1],"65":[1,1],"66":[1,1],"67":[1,1],"68":[1,1],"69":[1,0],"70":[1,1],"71":[1,1],"72":[1,1],"73":[1,0],"74":[1,1],"75":[1,1],"76":[1,0],"77":[1,1],"78":[1,1],"79":[1,1],"80":[1,1],"81":[1,1],"82":[1,1],"83":[1,1],"84":[1,1],"85":[1,1],"86":[1,1],"87":[1,1],"88":[1,1],"89":[1,1],"90":[1,1],"91":[1,1],"92":[1,1],"93":[1,1],"94":[1,1],"95":[1,1],"96":[1,1],"97":[1,1],"98":[1,1],"99":[1,1],"100":[1,1],"101":[1,1],"102":[1,1],"103":[1,0]},"meta":{"lastBranch":104,"lastFunction":17,"lastStatement":45,"seen":{"f:22:9:22:29":0,"s:23:4:31:Infinity":0,"f:34:9:34:29":1,"s:35:4:41:Infinity":1,"f:46:9:46:25":2,"s:47:4:62:Infinity":2,"b:52:39:52:48:52:48:52:Infinity":0,"b:57:36:57:62:57:62:57:Infinity":1,"b:58:36:58:62:58:62:58:Infinity":2,"f:65:9:65:21":3,"s:66:4:80:Infinity":3,"b:67:10:67:23:67:23:67:Infinity":3,"b:68:10:68:34:68:34:68:Infinity":4,"b:69:10:69:32:69:32:69:Infinity":5,"b:70:10:70:25:70:25:70:Infinity":6,"b:71:10:71:25:71:25:71:Infinity":7,"b:72:10:72:49:72:49:72:Infinity":8,"b:73:10:73:29:73:29:73:Infinity":9,"b:74:10:74:43:74:43:74:Infinity":10,"b:75:10:75:45:75:45:75:Infinity":11,"b:76:10:76:45:76:45:76:Infinity":12,"b:77:10:77:44:77:44:77:Infinity":13,"b:78:10:78:26:78:26:78:Infinity":14,"b:79:10:79:25:79:25:79:Infinity":15,"f:85:9:85:26":4,"s:86:4:96:Infinity":4,"f:99:9:99:22":5,"s:100:4:109:Infinity":5,"b:101:10:101:23:101:23:101:Infinity":16,"b:102:10:102:48:102:48:102:Infinity":17,"b:102:67:102:91:102:91:102:96":18,"b:103:10:103:25:103:25:103:Infinity":19,"b:104:10:104:25:104:25:104:Infinity":20,"b:105:10:105:26:105:26:105:Infinity":21,"b:106:10:106:51:106:51:106:Infinity":22,"b:106:73:106:100:106:100:106:105":23,"b:107:10:107:43:107:43:107:Infinity":24,"b:108:10:108:44:108:44:108:Infinity":25,"f:114:9:114:29":6,"s:115:22:115:Infinity":6,"s:116:22:116:Infinity":7,"s:117:23:117:Infinity":8,"s:118:21:118:Infinity":9,"s:119:40:119:Infinity":10,"s:121:18:121:Infinity":11,"b:122:4:133:Infinity:undefined:undefined:undefined:undefined":26,"s:122:4:133:Infinity":12,"s:124:6:129:Infinity":13,"s:125:22:125:Infinity":14,"s:126:8:126:Infinity":15,"b:130:6:132:Infinity:undefined:undefined:undefined:undefined":27,"s:130:6:132:Infinity":16,"b:130:10:130:27:130:27:130:51":28,"s:131:8:131:Infinity":17,"b:135:4:157:Infinity:undefined:undefined:undefined:undefined":29,"s:135:4:157:Infinity":18,"b:135:8:135:28:135:28:135:42:135:42:135:52":30,"s:136:19:136:Infinity":19,"s:137:25:137:Infinity":20,"b:137:25:137:46:137:46:137:Infinity":31,"b:138:6:144:Infinity:undefined:undefined:undefined:undefined":32,"s:138:6:144:Infinity":21,"s:139:8:143:Infinity":22,"s:140:10:140:Infinity":23,"s:142:10:142:Infinity":24,"s:145:6:156:Infinity":25,"b:146:18:146:36:146:36:146:Infinity":33,"b:147:57:147:78:147:78:147:Infinity":34,"b:148:24:148:48:148:48:148:Infinity":35,"b:149:23:149:46:149:46:149:Infinity":36,"b:150:24:150:48:150:48:150:Infinity":37,"b:151:20:151:39:151:39:151:Infinity":38,"b:152:21:152:41:152:41:152:Infinity":39,"b:153:17:153:34:153:34:153:Infinity":40,"b:155:23:155:47:155:47:155:Infinity":41,"b:159:4:163:Infinity:undefined:undefined:undefined:undefined":42,"s:159:4:163:Infinity":26,"b:159:8:159:21:159:21:159:31":43,"s:160:6:160:Infinity":27,"s:161:6:161:Infinity":28,"s:162:6:162:Infinity":29,"s:165:4:187:Infinity":30,"f:190:9:190:25":7,"s:191:22:191:Infinity":31,"b:192:4:206:Infinity:undefined:undefined:undefined:undefined":44,"s:192:4:206:Infinity":32,"s:193:19:193:Infinity":33,"s:194:6:205:Infinity":34,"b:202:18:202:34:202:34:202:Infinity":45,"b:203:23:203:52:203:52:203:Infinity":46,"b:204:26:204:56:204:56:204:Infinity":47,"s:208:4:227:Infinity":35,"b:209:10:209:23:209:23:209:Infinity":48,"b:210:10:210:34:210:34:210:Infinity":49,"b:211:10:211:30:211:30:211:Infinity":50,"b:212:19:212:40:212:40:212:Infinity":51,"b:213:10:213:36:213:36:213:Infinity":52,"b:214:10:214:25:214:25:214:Infinity":53,"b:215:10:215:41:215:41:215:Infinity":54,"b:216:10:216:29:216:29:216:Infinity":55,"b:217:19:217:41:217:41:217:Infinity":56,"b:218:21:218:44:218:44:218:Infinity":57,"b:219:10:219:36:219:36:219:Infinity":58,"b:220:30:220:60:220:60:220:Infinity":59,"b:221:10:221:54:221:54:221:Infinity":60,"b:222:25:222:51:222:51:222:Infinity":61,"b:223:10:223:27:223:27:223:Infinity":62,"b:224:10:224:32:224:32:224:Infinity":63,"b:225:10:225:44:225:44:225:Infinity":64,"f:232:9:232:31":8,"s:233:4:247:Infinity":36,"f:250:9:250:27":9,"s:251:4:264:Infinity":37,"b:252:10:252:23:252:23:252:Infinity":65,"b:253:10:253:34:253:34:253:Infinity":66,"b:254:10:254:30:254:30:254:Infinity":67,"b:255:10:255:45:255:45:255:Infinity":68,"b:255:60:255:81:255:81:255:86":69,"b:256:10:256:25:256:25:256:Infinity":70,"b:257:10:257:41:257:41:257:Infinity":71,"b:258:10:258:46:258:46:258:Infinity":72,"b:258:61:258:83:258:83:258:88":73,"b:259:10:259:30:259:30:259:Infinity":74,"b:260:10:260:45:260:45:260:Infinity":75,"b:260:61:260:82:260:82:260:87":76,"b:261:10:261:30:261:30:261:Infinity":77,"b:262:10:262:42:262:42:262:Infinity":78,"b:262:54:262:72:262:72:262:77":79,"b:263:10:263:43:263:43:263:Infinity":80,"f:269:9:269:24":10,"s:270:4:280:Infinity":38,"f:283:9:283:20":11,"s:284:4:293:Infinity":39,"b:285:10:285:23:285:23:285:Infinity":81,"b:286:10:286:34:286:34:286:Infinity":82,"b:287:10:287:31:287:31:287:Infinity":83,"b:288:10:288:46:288:46:288:Infinity":84,"b:289:10:289:39:289:39:289:Infinity":85,"b:290:10:290:40:290:40:290:Infinity":86,"b:291:10:291:26:291:26:291:Infinity":87,"b:292:21:292:43:292:43:292:Infinity":88,"f:298:9:298:29":12,"s:299:4:309:Infinity":40,"f:312:9:312:25":13,"s:313:4:322:Infinity":41,"b:314:10:314:23:314:23:314:Infinity":89,"b:315:10:315:34:315:34:315:Infinity":90,"b:316:10:316:32:316:32:316:Infinity":91,"b:317:10:317:25:317:25:317:Infinity":92,"b:318:10:318:47:318:47:318:Infinity":93,"b:319:10:319:48:319:48:319:Infinity":94,"b:320:10:320:31:320:31:320:Infinity":95,"b:321:10:321:27:321:27:321:Infinity":96,"f:327:9:327:36":14,"s:328:4:336:Infinity":42,"f:339:9:339:32":15,"s:340:4:347:Infinity":43,"b:341:10:341:23:341:23:341:Infinity":97,"b:342:10:342:34:342:34:342:Infinity":98,"b:343:10:343:33:343:33:343:Infinity":99,"b:344:10:344:31:344:31:344:Infinity":100,"b:345:10:345:43:345:43:345:Infinity":101,"b:346:10:346:48:346:48:346:Infinity":102,"f:352:9:352:34":16,"s:353:4:361:Infinity":44,"b:359:24:359:49:359:49:359:Infinity":103},"fnNames":{}}}
,"D:\\Documentos\\Iniciativas\\FinanzasPersonales\\zenmoney\\src\\domain\\errors\\AppError.ts": {"path":"D:\\Documentos\\Iniciativas\\FinanzasPersonales\\zenmoney\\src\\domain\\errors\\AppError.ts","statementMap":{"0":{"start":{"line":30,"column":4},"end":{"line":30,"column":null}},"1":{"start":{"line":31,"column":4},"end":{"line":31,"column":null}},"2":{"start":{"line":32,"column":4},"end":{"line":32,"column":null}},"3":{"start":{"line":33,"column":4},"end":{"line":33,"column":null}},"4":{"start":{"line":34,"column":4},"end":{"line":34,"column":null}},"5":{"start":{"line":35,"column":4},"end":{"line":35,"column":null}},"6":{"start":{"line":38,"column":4},"end":{"line":38,"column":null}},"7":{"start":{"line":42,"column":4},"end":{"line":42,"column":null}},"8":{"start":{"line":46,"column":4},"end":{"line":46,"column":null}},"9":{"start":{"line":50,"column":4},"end":{"line":50,"column":null}},"10":{"start":{"line":54,"column":4},"end":{"line":54,"column":null}},"11":{"start":{"line":58,"column":4},"end":{"line":58,"column":null}},"12":{"start":{"line":62,"column":4},"end":{"line":62,"column":null}},"13":{"start":{"line":62,"column":35},"end":{"line":62,"column":null}},"14":{"start":{"line":63,"column":16},"end":{"line":63,"column":null}},"15":{"start":{"line":64,"column":4},"end":{"line":64,"column":null}}},"fnMap":{"0":{"name":"constructor","decl":{"start":{"line":23,"column":2},"end":{"line":23,"column":null}},"loc":{"start":{"line":29,"column":4},"end":{"line":39,"column":null}},"line":29},"1":{"name":"network","decl":{"start":{"line":41,"column":9},"end":{"line":41,"column":17}},"loc":{"start":{"line":41,"column":101},"end":{"line":43,"column":null}},"line":41},"2":{"name":"validation","decl":{"start":{"line":45,"column":9},"end":{"line":45,"column":20}},"loc":{"start":{"line":45,"column":51},"end":{"line":47,"column":null}},"line":45},"3":{"name":"unauthorized","decl":{"start":{"line":49,"column":9},"end":{"line":49,"column":22}},"loc":{"start":{"line":49,"column":105},"end":{"line":51,"column":null}},"line":49},"4":{"name":"duplicate","decl":{"start":{"line":53,"column":9},"end":{"line":53,"column":19}},"loc":{"start":{"line":53,"column":83},"end":{"line":55,"column":null}},"line":53},"5":{"name":"notFound","decl":{"start":{"line":57,"column":9},"end":{"line":57,"column":18}},"loc":{"start":{"line":57,"column":86},"end":{"line":59,"column":null}},"line":57},"6":{"name":"fromUnknown","decl":{"start":{"line":61,"column":9},"end":{"line":61,"column":21}},"loc":{"start":{"line":61,"column":43},"end":{"line":65,"column":null}},"line":61}},"branchMap":{"0":{"loc":{"start":{"line":26,"column":4},"end":{"line":26,"column":null}},"type":"default-arg","locations":[{"start":{"line":26,"column":25},"end":{"line":26,"column":null}}],"line":26},"1":{"loc":{"start":{"line":27,"column":4},"end":{"line":27,"column":null}},"type":"default-arg","locations":[{"start":{"line":27,"column":30},"end":{"line":27,"column":null}}],"line":27},"2":{"loc":{"start":{"line":41,"column":17},"end":{"line":41,"column":101}},"type":"default-arg","locations":[{"start":{"line":41,"column":31},"end":{"line":41,"column":101}}],"line":41},"3":{"loc":{"start":{"line":49,"column":22},"end":{"line":49,"column":105}},"type":"default-arg","locations":[{"start":{"line":49,"column":36},"end":{"line":49,"column":105}}],"line":49},"4":{"loc":{"start":{"line":53,"column":19},"end":{"line":53,"column":83}},"type":"default-arg","locations":[{"start":{"line":53,"column":33},"end":{"line":53,"column":83}}],"line":53},"5":{"loc":{"start":{"line":57,"column":18},"end":{"line":57,"column":86}},"type":"default-arg","locations":[{"start":{"line":57,"column":32},"end":{"line":57,"column":86}}],"line":57},"6":{"loc":{"start":{"line":62,"column":4},"end":{"line":62,"column":null}},"type":"if","locations":[{"start":{"line":62,"column":4},"end":{"line":62,"column":null}},{"start":{},"end":{}}],"line":62},"7":{"loc":{"start":{"line":63,"column":16},"end":{"line":63,"column":null}},"type":"binary-expr","locations":[{"start":{"line":63,"column":16},"end":{"line":63,"column":34}},{"start":{"line":63,"column":34},"end":{"line":63,"column":null}}],"line":63}},"s":{"0":11,"1":11,"2":11,"3":11,"4":11,"5":11,"6":11,"7":2,"8":2,"9":2,"10":2,"11":1,"12":1,"13":0,"14":1,"15":1},"f":{"0":11,"1":2,"2":2,"3":2,"4":2,"5":2,"6":2},"b":{"0":[11],"1":[11],"2":[2],"3":[2],"4":[2],"5":[1],"6":[0,1],"7":[1,0]},"meta":{"lastBranch":8,"lastFunction":7,"lastStatement":16,"seen":{"f:23:2:23:Infinity":0,"b:26:25:26:Infinity":0,"b:27:30:27:Infinity":1,"s:30:4:30:Infinity":0,"s:31:4:31:Infinity":1,"s:32:4:32:Infinity":2,"s:33:4:33:Infinity":3,"s:34:4:34:Infinity":4,"s:35:4:35:Infinity":5,"s:38:4:38:Infinity":6,"f:41:9:41:17":1,"b:41:31:41:101":2,"s:42:4:42:Infinity":7,"f:45:9:45:20":2,"s:46:4:46:Infinity":8,"f:49:9:49:22":3,"b:49:36:49:105":3,"s:50:4:50:Infinity":9,"f:53:9:53:19":4,"b:53:33:53:83":4,"s:54:4:54:Infinity":10,"f:57:9:57:18":5,"b:57:32:57:86":5,"s:58:4:58:Infinity":11,"f:61:9:61:21":6,"b:62:4:62:Infinity:undefined:undefined:undefined:undefined":6,"s:62:4:62:Infinity":12,"s:62:35:62:Infinity":13,"s:63:16:63:Infinity":14,"b:63:16:63:34:63:34:63:Infinity":7,"s:64:4:64:Infinity":15},"fnNames":{}}}
,"D:\\Documentos\\Iniciativas\\FinanzasPersonales\\zenmoney\\src\\domain\\schemas\\AccountSchema.ts": {"path":"D:\\Documentos\\Iniciativas\\FinanzasPersonales\\zenmoney\\src\\domain\\schemas\\AccountSchema.ts","statementMap":{"0":{"start":{"line":3,"column":33},"end":{"line":5,"column":null}},"1":{"start":{"line":4,"column":19},"end":{"line":4,"column":null}},"2":{"start":{"line":7,"column":35},"end":{"line":33,"column":null}}},"fnMap":{"0":{"name":"(anonymous_0)","decl":{"start":{"line":4,"column":2},"end":{"line":4,"column":19}},"loc":{"start":{"line":4,"column":19},"end":{"line":4,"column":null}},"line":4}},"branchMap":{},"s":{"0":1,"1":0,"2":1},"f":{"0":0},"b":{},"meta":{"lastBranch":0,"lastFunction":1,"lastStatement":3,"seen":{"s:3:33:5:Infinity":0,"f:4:2:4:19":0,"s:4:19:4:Infinity":1,"s:7:35:33:Infinity":2},"fnNames":{}}}
,"D:\\Documentos\\Iniciativas\\FinanzasPersonales\\zenmoney\\src\\domain\\schemas\\BudgetSchema.ts": {"path":"D:\\Documentos\\Iniciativas\\FinanzasPersonales\\zenmoney\\src\\domain\\schemas\\BudgetSchema.ts","statementMap":{"0":{"start":{"line":3,"column":33},"end":{"line":3,"column":null}},"1":{"start":{"line":5,"column":34},"end":{"line":15,"column":null}}},"fnMap":{},"branchMap":{},"s":{"0":1,"1":1},"f":{},"b":{},"meta":{"lastBranch":0,"lastFunction":0,"lastStatement":2,"seen":{"s:3:33:3:Infinity":0,"s:5:34:15:Infinity":1},"fnNames":{}}}
,"D:\\Documentos\\Iniciativas\\FinanzasPersonales\\zenmoney\\src\\domain\\schemas\\RecurringRuleSchema.ts": {"path":"D:\\Documentos\\Iniciativas\\FinanzasPersonales\\zenmoney\\src\\domain\\schemas\\RecurringRuleSchema.ts","statementMap":{"0":{"start":{"line":3,"column":31},"end":{"line":5,"column":null}},"1":{"start":{"line":4,"column":19},"end":{"line":4,"column":null}},"2":{"start":{"line":7,"column":41},"end":{"line":18,"column":null}}},"fnMap":{"0":{"name":"(anonymous_0)","decl":{"start":{"line":4,"column":2},"end":{"line":4,"column":19}},"loc":{"start":{"line":4,"column":19},"end":{"line":4,"column":null}},"line":4}},"branchMap":{},"s":{"0":1,"1":0,"2":1},"f":{"0":0},"b":{},"meta":{"lastBranch":0,"lastFunction":1,"lastStatement":3,"seen":{"s:3:31:5:Infinity":0,"f:4:2:4:19":0,"s:4:19:4:Infinity":1,"s:7:41:18:Infinity":2},"fnNames":{}}}
,"D:\\Documentos\\Iniciativas\\FinanzasPersonales\\zenmoney\\src\\domain\\schemas\\SavingsGoalSchema.ts": {"path":"D:\\Documentos\\Iniciativas\\FinanzasPersonales\\zenmoney\\src\\domain\\schemas\\SavingsGoalSchema.ts","statementMap":{"0":{"start":{"line":3,"column":39},"end":{"line":9,"column":null}}},"fnMap":{},"branchMap":{},"s":{"0":1},"f":{},"b":{},"meta":{"lastBranch":0,"lastFunction":0,"lastStatement":1,"seen":{"s:3:39:9:Infinity":0},"fnNames":{}}}
,"D:\\Documentos\\Iniciativas\\FinanzasPersonales\\zenmoney\\src\\domain\\schemas\\TransactionSchema.ts": {"path":"D:\\Documentos\\Iniciativas\\FinanzasPersonales\\zenmoney\\src\\domain\\schemas\\TransactionSchema.ts","statementMap":{"0":{"start":{"line":3,"column":37},"end":{"line":5,"column":null}},"1":{"start":{"line":4,"column":19},"end":{"line":4,"column":null}},"2":{"start":{"line":7,"column":39},"end":{"line":9,"column":null}},"3":{"start":{"line":8,"column":19},"end":{"line":8,"column":null}},"4":{"start":{"line":11,"column":33},"end":{"line":11,"column":null}},"5":{"start":{"line":13,"column":32},"end":{"line":23,"column":null}},"6":{"start":{"line":25,"column":39},"end":{"line":82,"column":null}},"7":{"start":{"line":49,"column":6},"end":{"line":51,"column":null}},"8":{"start":{"line":50,"column":8},"end":{"line":50,"column":null}},"9":{"start":{"line":52,"column":6},"end":{"line":52,"column":null}},"10":{"start":{"line":61,"column":6},"end":{"line":63,"column":null}},"11":{"start":{"line":62,"column":8},"end":{"line":62,"column":null}},"12":{"start":{"line":64,"column":6},"end":{"line":64,"column":null}},"13":{"start":{"line":73,"column":6},"end":{"line":75,"column":null}},"14":{"start":{"line":74,"column":8},"end":{"line":74,"column":null}},"15":{"start":{"line":76,"column":6},"end":{"line":76,"column":null}}},"fnMap":{"0":{"name":"(anonymous_0)","decl":{"start":{"line":4,"column":2},"end":{"line":4,"column":19}},"loc":{"start":{"line":4,"column":19},"end":{"line":4,"column":null}},"line":4},"1":{"name":"(anonymous_1)","decl":{"start":{"line":8,"column":2},"end":{"line":8,"column":19}},"loc":{"start":{"line":8,"column":19},"end":{"line":8,"column":null}},"line":8},"2":{"name":"(anonymous_2)","decl":{"start":{"line":47,"column":3},"end":{"line":47,"column":null}},"loc":{"start":{"line":48,"column":14},"end":{"line":53,"column":null}},"line":48},"3":{"name":"(anonymous_3)","decl":{"start":{"line":59,"column":3},"end":{"line":59,"column":null}},"loc":{"start":{"line":60,"column":14},"end":{"line":65,"column":null}},"line":60},"4":{"name":"(anonymous_4)","decl":{"start":{"line":71,"column":3},"end":{"line":71,"column":null}},"loc":{"start":{"line":72,"column":14},"end":{"line":77,"column":null}},"line":72}},"branchMap":{"0":{"loc":{"start":{"line":49,"column":6},"end":{"line":51,"column":null}},"type":"if","locations":[{"start":{"line":49,"column":6},"end":{"line":51,"column":null}},{"start":{},"end":{}}],"line":49},"1":{"loc":{"start":{"line":61,"column":6},"end":{"line":63,"column":null}},"type":"if","locations":[{"start":{"line":61,"column":6},"end":{"line":63,"column":null}},{"start":{},"end":{}}],"line":61},"2":{"loc":{"start":{"line":73,"column":6},"end":{"line":75,"column":null}},"type":"if","locations":[{"start":{"line":73,"column":6},"end":{"line":75,"column":null}},{"start":{},"end":{}}],"line":73},"3":{"loc":{"start":{"line":73,"column":10},"end":{"line":73,"column":64}},"type":"binary-expr","locations":[{"start":{"line":73,"column":10},"end":{"line":73,"column":38}},{"start":{"line":73,"column":38},"end":{"line":73,"column":64}}],"line":73}},"s":{"0":3,"1":0,"2":3,"3":0,"4":3,"5":3,"6":3,"7":13,"8":9,"9":4,"10":13,"11":4,"12":9,"13":13,"14":3,"15":10},"f":{"0":0,"1":0,"2":13,"3":13,"4":13},"b":{"0":[9,4],"1":[4,9],"2":[3,10],"3":[13,4]},"meta":{"lastBranch":4,"lastFunction":5,"lastStatement":16,"seen":{"s:3:37:5:Infinity":0,"f:4:2:4:19":0,"s:4:19:4:Infinity":1,"s:7:39:9:Infinity":2,"f:8:2:8:19":1,"s:8:19:8:Infinity":3,"s:11:33:11:Infinity":4,"s:13:32:23:Infinity":5,"s:25:39:82:Infinity":6,"f:47:3:47:Infinity":2,"b:49:6:51:Infinity:undefined:undefined:undefined:undefined":0,"s:49:6:51:Infinity":7,"s:50:8:50:Infinity":8,"s:52:6:52:Infinity":9,"f:59:3:59:Infinity":3,"b:61:6:63:Infinity:undefined:undefined:undefined:undefined":1,"s:61:6:63:Infinity":10,"s:62:8:62:Infinity":11,"s:64:6:64:Infinity":12,"f:71:3:71:Infinity":4,"b:73:6:75:Infinity:undefined:undefined:undefined:undefined":2,"s:73:6:75:Infinity":13,"b:73:10:73:38:73:38:73:64":3,"s:74:8:74:Infinity":14,"s:76:6:76:Infinity":15},"fnNames":{}}}
,"D:\\Documentos\\Iniciativas\\FinanzasPersonales\\zenmoney\\src\\domain\\security\\SecurityGuard.ts": {"path":"D:\\Documentos\\Iniciativas\\FinanzasPersonales\\zenmoney\\src\\domain\\security\\SecurityGuard.ts","statementMap":{"0":{"start":{"line":18,"column":48},"end":{"line":18,"column":null}},"1":{"start":{"line":27,"column":4},"end":{"line":29,"column":null}},"2":{"start":{"line":28,"column":6},"end":{"line":28,"column":null}},"3":{"start":{"line":31,"column":4},"end":{"line":33,"column":null}},"4":{"start":{"line":32,"column":6},"end":{"line":32,"column":null}},"5":{"start":{"line":35,"column":4},"end":{"line":37,"column":null}},"6":{"start":{"line":36,"column":6},"end":{"line":36,"column":null}},"7":{"start":{"line":39,"column":4},"end":{"line":44,"column":null}},"8":{"start":{"line":40,"column":6},"end":{"line":43,"column":null}},"9":{"start":{"line":46,"column":4},"end":{"line":46,"column":null}},"10":{"start":{"line":56,"column":4},"end":{"line":58,"column":null}},"11":{"start":{"line":57,"column":6},"end":{"line":57,"column":null}},"12":{"start":{"line":61,"column":4},"end":{"line":63,"column":null}},"13":{"start":{"line":62,"column":6},"end":{"line":62,"column":null}},"14":{"start":{"line":66,"column":4},"end":{"line":68,"column":null}},"15":{"start":{"line":67,"column":6},"end":{"line":67,"column":null}},"16":{"start":{"line":70,"column":4},"end":{"line":70,"column":null}}},"fnMap":{"0":{"name":"canUserCreateTransaction","decl":{"start":{"line":23,"column":9},"end":{"line":23,"column":null}},"loc":{"start":{"line":26,"column":25},"end":{"line":47,"column":null}},"line":26},"1":{"name":"canUserAccessAccount","decl":{"start":{"line":52,"column":9},"end":{"line":52,"column":null}},"loc":{"start":{"line":55,"column":25},"end":{"line":71,"column":null}},"line":55}},"branchMap":{"0":{"loc":{"start":{"line":27,"column":4},"end":{"line":29,"column":null}},"type":"if","locations":[{"start":{"line":27,"column":4},"end":{"line":29,"column":null}},{"start":{},"end":{}}],"line":27},"1":{"loc":{"start":{"line":31,"column":4},"end":{"line":33,"column":null}},"type":"if","locations":[{"start":{"line":31,"column":4},"end":{"line":33,"column":null}},{"start":{},"end":{}}],"line":31},"2":{"loc":{"start":{"line":35,"column":4},"end":{"line":37,"column":null}},"type":"if","locations":[{"start":{"line":35,"column":4},"end":{"line":37,"column":null}},{"start":{},"end":{}}],"line":35},"3":{"loc":{"start":{"line":39,"column":4},"end":{"line":44,"column":null}},"type":"if","locations":[{"start":{"line":39,"column":4},"end":{"line":44,"column":null}},{"start":{},"end":{}}],"line":39},"4":{"loc":{"start":{"line":56,"column":4},"end":{"line":58,"column":null}},"type":"if","locations":[{"start":{"line":56,"column":4},"end":{"line":58,"column":null}},{"start":{},"end":{}}],"line":56},"5":{"loc":{"start":{"line":61,"column":4},"end":{"line":63,"column":null}},"type":"if","locations":[{"start":{"line":61,"column":4},"end":{"line":63,"column":null}},{"start":{},"end":{}}],"line":61},"6":{"loc":{"start":{"line":61,"column":8},"end":{"line":61,"column":97}},"type":"binary-expr","locations":[{"start":{"line":61,"column":8},"end":{"line":61,"column":29}},{"start":{"line":61,"column":29},"end":{"line":61,"column":56}},{"start":{"line":61,"column":56},"end":{"line":61,"column":97}}],"line":61},"7":{"loc":{"start":{"line":66,"column":4},"end":{"line":68,"column":null}},"type":"if","locations":[{"start":{"line":66,"column":4},"end":{"line":68,"column":null}},{"start":{},"end":{}}],"line":66},"8":{"loc":{"start":{"line":66,"column":8},"end":{"line":66,"column":79}},"type":"binary-expr","locations":[{"start":{"line":66,"column":8},"end":{"line":66,"column":33}},{"start":{"line":66,"column":33},"end":{"line":66,"column":79}}],"line":66}},"s":{"0":1,"1":4,"2":1,"3":3,"4":1,"5":2,"6":0,"7":2,"8":1,"9":1,"10":2,"11":0,"12":2,"13":1,"14":1,"15":0,"16":1},"f":{"0":1,"1":1},"b":{"0":[1,3],"1":[1,2],"2":[0,2],"3":[1,1],"4":[0,2],"5":[1,1],"6":[2,1,1],"7":[0,1],"8":[1,1]},"meta":{"lastBranch":9,"lastFunction":2,"lastStatement":17,"seen":{"s:18:48:18:Infinity":0,"f:23:9:23:Infinity":0,"b:27:4:29:Infinity:undefined:undefined:undefined:undefined":0,"s:27:4:29:Infinity":1,"s:28:6:28:Infinity":2,"b:31:4:33:Infinity:undefined:undefined:undefined:undefined":1,"s:31:4:33:Infinity":3,"s:32:6:32:Infinity":4,"b:35:4:37:Infinity:undefined:undefined:undefined:undefined":2,"s:35:4:37:Infinity":5,"s:36:6:36:Infinity":6,"b:39:4:44:Infinity:undefined:undefined:undefined:undefined":3,"s:39:4:44:Infinity":7,"s:40:6:43:Infinity":8,"s:46:4:46:Infinity":9,"f:52:9:52:Infinity":1,"b:56:4:58:Infinity:undefined:undefined:undefined:undefined":4,"s:56:4:58:Infinity":10,"s:57:6:57:Infinity":11,"b:61:4:63:Infinity:undefined:undefined:undefined:undefined":5,"s:61:4:63:Infinity":12,"b:61:8:61:29:61:29:61:56:61:56:61:97":6,"s:62:6:62:Infinity":13,"b:66:4:68:Infinity:undefined:undefined:undefined:undefined":7,"s:66:4:68:Infinity":14,"b:66:8:66:33:66:33:66:79":8,"s:67:6:67:Infinity":15,"s:70:4:70:Infinity":16},"fnNames":{}}}
,"D:\\Documentos\\Iniciativas\\FinanzasPersonales\\zenmoney\\src\\domain\\usecases\\CalculateAccountBalance.ts": {"path":"D:\\Documentos\\Iniciativas\\FinanzasPersonales\\zenmoney\\src\\domain\\usecases\\CalculateAccountBalance.ts","statementMap":{"0":{"start":{"line":12,"column":22},"end":{"line":12,"column":68}},"1":{"start":{"line":24,"column":25},"end":{"line":27,"column":null}},"2":{"start":{"line":29,"column":18},"end":{"line":29,"column":null}},"3":{"start":{"line":30,"column":19},"end":{"line":30,"column":null}},"4":{"start":{"line":32,"column":4},"end":{"line":70,"column":null}},"5":{"start":{"line":33,"column":21},"end":{"line":33,"column":null}},"6":{"start":{"line":35,"column":6},"end":{"line":69,"column":null}},"7":{"start":{"line":37,"column":8},"end":{"line":51,"column":null}},"8":{"start":{"line":39,"column":10},"end":{"line":39,"column":null}},"9":{"start":{"line":40,"column":15},"end":{"line":51,"column":null}},"10":{"start":{"line":42,"column":10},"end":{"line":42,"column":null}},"11":{"start":{"line":43,"column":15},"end":{"line":51,"column":null}},"12":{"start":{"line":44,"column":10},"end":{"line":50,"column":null}},"13":{"start":{"line":46,"column":12},"end":{"line":46,"column":null}},"14":{"start":{"line":47,"column":17},"end":{"line":50,"column":null}},"15":{"start":{"line":49,"column":12},"end":{"line":49,"column":null}},"16":{"start":{"line":54,"column":8},"end":{"line":68,"column":null}},"17":{"start":{"line":56,"column":10},"end":{"line":56,"column":null}},"18":{"start":{"line":57,"column":15},"end":{"line":68,"column":null}},"19":{"start":{"line":59,"column":10},"end":{"line":59,"column":null}},"20":{"start":{"line":60,"column":15},"end":{"line":68,"column":null}},"21":{"start":{"line":61,"column":10},"end":{"line":67,"column":null}},"22":{"start":{"line":63,"column":12},"end":{"line":63,"column":null}},"23":{"start":{"line":64,"column":17},"end":{"line":67,"column":null}},"24":{"start":{"line":66,"column":12},"end":{"line":66,"column":null}},"25":{"start":{"line":72,"column":4},"end":{"line":72,"column":null}}},"fnMap":{"0":{"name":"constructor","decl":{"start":{"line":12,"column":2},"end":{"line":12,"column":14}},"loc":{"start":{"line":12,"column":68},"end":{"line":12,"column":null}},"line":12},"1":{"name":"execute","decl":{"start":{"line":23,"column":8},"end":{"line":23,"column":16}},"loc":{"start":{"line":23,"column":51},"end":{"line":73,"column":null}},"line":23}},"branchMap":{"0":{"loc":{"start":{"line":35,"column":6},"end":{"line":69,"column":null}},"type":"if","locations":[{"start":{"line":35,"column":6},"end":{"line":69,"column":null}},{"start":{"line":52,"column":13},"end":{"line":69,"column":null}}],"line":35},"1":{"loc":{"start":{"line":37,"column":8},"end":{"line":51,"column":null}},"type":"if","locations":[{"start":{"line":37,"column":8},"end":{"line":51,"column":null}},{"start":{"line":40,"column":15},"end":{"line":51,"column":null}}],"line":37},"2":{"loc":{"start":{"line":40,"column":15},"end":{"line":51,"column":null}},"type":"if","locations":[{"start":{"line":40,"column":15},"end":{"line":51,"column":null}},{"start":{"line":43,"column":15},"end":{"line":51,"column":null}}],"line":40},"3":{"loc":{"start":{"line":43,"column":15},"end":{"line":51,"column":null}},"type":"if","locations":[{"start":{"line":43,"column":15},"end":{"line":51,"column":null}},{"start":{},"end":{}}],"line":43},"4":{"loc":{"start":{"line":44,"column":10},"end":{"line":50,"column":null}},"type":"if","locations":[{"start":{"line":44,"column":10},"end":{"line":50,"column":null}},{"start":{"line":47,"column":17},"end":{"line":50,"column":null}}],"line":44},"5":{"loc":{"start":{"line":47,"column":17},"end":{"line":50,"column":null}},"type":"if","locations":[{"start":{"line":47,"column":17},"end":{"line":50,"column":null}},{"start":{},"end":{}}],"line":47},"6":{"loc":{"start":{"line":54,"column":8},"end":{"line":68,"column":null}},"type":"if","locations":[{"start":{"line":54,"column":8},"end":{"line":68,"column":null}},{"start":{"line":57,"column":15},"end":{"line":68,"column":null}}],"line":54},"7":{"loc":{"start":{"line":57,"column":15},"end":{"line":68,"column":null}},"type":"if","locations":[{"start":{"line":57,"column":15},"end":{"line":68,"column":null}},{"start":{"line":60,"column":15},"end":{"line":68,"column":null}}],"line":57},"8":{"loc":{"start":{"line":60,"column":15},"end":{"line":68,"column":null}},"type":"if","locations":[{"start":{"line":60,"column":15},"end":{"line":68,"column":null}},{"start":{},"end":{}}],"line":60},"9":{"loc":{"start":{"line":61,"column":10},"end":{"line":67,"column":null}},"type":"if","locations":[{"start":{"line":61,"column":10},"end":{"line":67,"column":null}},{"start":{"line":64,"column":17},"end":{"line":67,"column":null}}],"line":61},"10":{"loc":{"start":{"line":64,"column":17},"end":{"line":67,"column":null}},"type":"if","locations":[{"start":{"line":64,"column":17},"end":{"line":67,"column":null}},{"start":{},"end":{}}],"line":64}},"s":{"0":15,"1":18,"2":18,"3":18,"4":18,"5":23,"6":23,"7":6,"8":1,"9":5,"10":1,"11":4,"12":4,"13":2,"14":2,"15":2,"16":17,"17":3,"18":14,"19":10,"20":4,"21":4,"22":2,"23":2,"24":2,"25":18},"f":{"0":15,"1":18},"b":{"0":[6,17],"1":[1,5],"2":[1,4],"3":[4,0],"4":[2,2],"5":[2,0],"6":[3,14],"7":[10,4],"8":[4,0],"9":[2,2],"10":[2,0]},"meta":{"lastBranch":11,"lastFunction":2,"lastStatement":26,"seen":{"f:12:2:12:14":0,"s:12:22:12:68":0,"f:23:8:23:16":1,"s:24:25:27:Infinity":1,"s:29:18:29:Infinity":2,"s:30:19:30:Infinity":3,"s:32:4:70:Infinity":4,"s:33:21:33:Infinity":5,"b:35:6:69:Infinity:52:13:69:Infinity":0,"s:35:6:69:Infinity":6,"b:37:8:51:Infinity:40:15:51:Infinity":1,"s:37:8:51:Infinity":7,"s:39:10:39:Infinity":8,"b:40:15:51:Infinity:43:15:51:Infinity":2,"s:40:15:51:Infinity":9,"s:42:10:42:Infinity":10,"b:43:15:51:Infinity:undefined:undefined:undefined:undefined":3,"s:43:15:51:Infinity":11,"b:44:10:50:Infinity:47:17:50:Infinity":4,"s:44:10:50:Infinity":12,"s:46:12:46:Infinity":13,"b:47:17:50:Infinity:undefined:undefined:undefined:undefined":5,"s:47:17:50:Infinity":14,"s:49:12:49:Infinity":15,"b:54:8:68:Infinity:57:15:68:Infinity":6,"s:54:8:68:Infinity":16,"s:56:10:56:Infinity":17,"b:57:15:68:Infinity:60:15:68:Infinity":7,"s:57:15:68:Infinity":18,"s:59:10:59:Infinity":19,"b:60:15:68:Infinity:undefined:undefined:undefined:undefined":8,"s:60:15:68:Infinity":20,"b:61:10:67:Infinity:64:17:67:Infinity":9,"s:61:10:67:Infinity":21,"s:63:12:63:Infinity":22,"b:64:17:67:Infinity:undefined:undefined:undefined:undefined":10,"s:64:17:67:Infinity":23,"s:66:12:66:Infinity":24,"s:72:4:72:Infinity":25},"fnNames":{}}}
,"D:\\Documentos\\Iniciativas\\FinanzasPersonales\\zenmoney\\src\\domain\\usecases\\CalculateBudgetProgress.ts": {"path":"D:\\Documentos\\Iniciativas\\FinanzasPersonales\\zenmoney\\src\\domain\\usecases\\CalculateBudgetProgress.ts","statementMap":{"0":{"start":{"line":12,"column":22},"end":{"line":12,"column":68}},"1":{"start":{"line":23,"column":22},"end":{"line":23,"column":null}},"2":{"start":{"line":25,"column":20},"end":{"line":25,"column":null}},"3":{"start":{"line":26,"column":20},"end":{"line":26,"column":null}},"4":{"start":{"line":28,"column":23},"end":{"line":34,"column":null}},"5":{"start":{"line":37,"column":4},"end":{"line":39,"column":null}},"6":{"start":{"line":38,"column":6},"end":{"line":38,"column":null}},"7":{"start":{"line":38,"column":47},"end":{"line":38,"column":88}},"8":{"start":{"line":41,"column":18},"end":{"line":41,"column":null}},"9":{"start":{"line":41,"column":51},"end":{"line":41,"column":76}},"10":{"start":{"line":42,"column":22},"end":{"line":42,"column":null}},"11":{"start":{"line":43,"column":23},"end":{"line":45,"column":null}},"12":{"start":{"line":47,"column":43},"end":{"line":47,"column":null}},"13":{"start":{"line":48,"column":4},"end":{"line":52,"column":null}},"14":{"start":{"line":49,"column":6},"end":{"line":49,"column":null}},"15":{"start":{"line":50,"column":11},"end":{"line":52,"column":null}},"16":{"start":{"line":51,"column":6},"end":{"line":51,"column":null}},"17":{"start":{"line":54,"column":4},"end":{"line":60,"column":null}}},"fnMap":{"0":{"name":"constructor","decl":{"start":{"line":12,"column":2},"end":{"line":12,"column":14}},"loc":{"start":{"line":12,"column":68},"end":{"line":12,"column":null}},"line":12},"1":{"name":"execute","decl":{"start":{"line":22,"column":8},"end":{"line":22,"column":16}},"loc":{"start":{"line":22,"column":57},"end":{"line":61,"column":null}},"line":22},"2":{"name":"(anonymous_2)","decl":{"start":{"line":38,"column":34},"end":{"line":38,"column":41}},"loc":{"start":{"line":38,"column":47},"end":{"line":38,"column":88}},"line":38},"3":{"name":"(anonymous_3)","decl":{"start":{"line":41,"column":31},"end":{"line":41,"column":39}},"loc":{"start":{"line":41,"column":51},"end":{"line":41,"column":76}},"line":41}},"branchMap":{"0":{"loc":{"start":{"line":37,"column":4},"end":{"line":39,"column":null}},"type":"if","locations":[{"start":{"line":37,"column":4},"end":{"line":39,"column":null}},{"start":{},"end":{}}],"line":37},"1":{"loc":{"start":{"line":37,"column":8},"end":{"line":37,"column":61}},"type":"binary-expr","locations":[{"start":{"line":37,"column":8},"end":{"line":37,"column":41}},{"start":{"line":37,"column":41},"end":{"line":37,"column":61}}],"line":37},"2":{"loc":{"start":{"line":43,"column":23},"end":{"line":45,"column":null}},"type":"cond-expr","locations":[{"start":{"line":44,"column":9},"end":{"line":44,"column":null}},{"start":{"line":45,"column":8},"end":{"line":45,"column":null}}],"line":43},"3":{"loc":{"start":{"line":48,"column":4},"end":{"line":52,"column":null}},"type":"if","locations":[{"start":{"line":48,"column":4},"end":{"line":52,"column":null}},{"start":{"line":50,"column":11},"end":{"line":52,"column":null}}],"line":48},"4":{"loc":{"start":{"line":50,"column":11},"end":{"line":52,"column":null}},"type":"if","locations":[{"start":{"line":50,"column":11},"end":{"line":52,"column":null}},{"start":{},"end":{}}],"line":50}},"s":{"0":4,"1":4,"2":4,"3":4,"4":4,"5":4,"6":1,"7":2,"8":4,"9":5,"10":4,"11":4,"12":4,"13":4,"14":1,"15":3,"16":1,"17":4},"f":{"0":4,"1":4,"2":2,"3":5},"b":{"0":[1,3],"1":[4,1],"2":[4,0],"3":[1,3],"4":[1,2]},"meta":{"lastBranch":5,"lastFunction":4,"lastStatement":18,"seen":{"f:12:2:12:14":0,"s:12:22:12:68":0,"f:22:8:22:16":1,"s:23:22:23:Infinity":1,"s:25:20:25:Infinity":2,"s:26:20:26:Infinity":3,"s:28:23:34:Infinity":4,"b:37:4:39:Infinity:undefined:undefined:undefined:undefined":0,"s:37:4:39:Infinity":5,"b:37:8:37:41:37:41:37:61":1,"s:38:6:38:Infinity":6,"f:38:34:38:41":2,"s:38:47:38:88":7,"s:41:18:41:Infinity":8,"f:41:31:41:39":3,"s:41:51:41:76":9,"s:42:22:42:Infinity":10,"s:43:23:45:Infinity":11,"b:44:9:44:Infinity:45:8:45:Infinity":2,"s:47:43:47:Infinity":12,"b:48:4:52:Infinity:50:11:52:Infinity":3,"s:48:4:52:Infinity":13,"s:49:6:49:Infinity":14,"b:50:11:52:Infinity:undefined:undefined:undefined:undefined":4,"s:50:11:52:Infinity":15,"s:51:6:51:Infinity":16,"s:54:4:60:Infinity":17},"fnNames":{}}}
,"D:\\Documentos\\Iniciativas\\FinanzasPersonales\\zenmoney\\src\\domain\\usecases\\CalculateRegistrationStreak.ts": {"path":"D:\\Documentos\\Iniciativas\\FinanzasPersonales\\zenmoney\\src\\domain\\usecases\\CalculateRegistrationStreak.ts","statementMap":{"0":{"start":{"line":17,"column":30},"end":{"line":17,"column":null}},"1":{"start":{"line":19,"column":19},"end":{"line":19,"column":null}},"2":{"start":{"line":22,"column":4},"end":{"line":24,"column":null}},"3":{"start":{"line":23,"column":6},"end":{"line":23,"column":null}},"4":{"start":{"line":26,"column":17},"end":{"line":26,"column":null}},"5":{"start":{"line":27,"column":4},"end":{"line":30,"column":null}},"6":{"start":{"line":28,"column":6},"end":{"line":28,"column":null}},"7":{"start":{"line":29,"column":6},"end":{"line":29,"column":null}},"8":{"start":{"line":32,"column":4},"end":{"line":32,"column":null}}},"fnMap":{"0":{"name":"execute","decl":{"start":{"line":16,"column":2},"end":{"line":16,"column":10}},"loc":{"start":{"line":16,"column":64},"end":{"line":33,"column":null}},"line":16}},"branchMap":{"0":{"loc":{"start":{"line":22,"column":4},"end":{"line":24,"column":null}},"type":"if","locations":[{"start":{"line":22,"column":4},"end":{"line":24,"column":null}},{"start":{},"end":{}}],"line":22}},"s":{"0":5,"1":5,"2":5,"3":2,"4":5,"5":5,"6":11,"7":11,"8":5},"f":{"0":5},"b":{"0":[2,3]},"meta":{"lastBranch":1,"lastFunction":1,"lastStatement":9,"seen":{"f:16:2:16:10":0,"s:17:30:17:Infinity":0,"s:19:19:19:Infinity":1,"b:22:4:24:Infinity:undefined:undefined:undefined:undefined":0,"s:22:4:24:Infinity":2,"s:23:6:23:Infinity":3,"s:26:17:26:Infinity":4,"s:27:4:30:Infinity":5,"s:28:6:28:Infinity":6,"s:29:6:29:Infinity":7,"s:32:4:32:Infinity":8},"fnNames":{}}}
,"D:\\Documentos\\Iniciativas\\FinanzasPersonales\\zenmoney\\src\\domain\\usecases\\DetectAtypicalExpense.ts": {"path":"D:\\Documentos\\Iniciativas\\FinanzasPersonales\\zenmoney\\src\\domain\\usecases\\DetectAtypicalExpense.ts","statementMap":{"0":{"start":{"line":32,"column":24},"end":{"line":34,"column":null}},"1":{"start":{"line":33,"column":12},"end":{"line":33,"column":null}},"2":{"start":{"line":37,"column":4},"end":{"line":44,"column":null}},"3":{"start":{"line":38,"column":6},"end":{"line":43,"column":null}},"4":{"start":{"line":47,"column":24},"end":{"line":47,"column":null}},"5":{"start":{"line":47,"column":56},"end":{"line":47,"column":73}},"6":{"start":{"line":48,"column":20},"end":{"line":48,"column":null}},"7":{"start":{"line":51,"column":32},"end":{"line":51,"column":null}},"8":{"start":{"line":52,"column":22},"end":{"line":52,"column":null}},"9":{"start":{"line":54,"column":28},"end":{"line":54,"column":null}},"10":{"start":{"line":57,"column":23},"end":{"line":57,"column":null}},"11":{"start":{"line":59,"column":4},"end":{"line":64,"column":null}}},"fnMap":{"0":{"name":"execute","decl":{"start":{"line":26,"column":2},"end":{"line":26,"column":null}},"loc":{"start":{"line":30,"column":29},"end":{"line":65,"column":null}},"line":30},"1":{"name":"(anonymous_1)","decl":{"start":{"line":32,"column":47},"end":{"line":32,"column":null}},"loc":{"start":{"line":33,"column":12},"end":{"line":33,"column":null}},"line":33},"2":{"name":"(anonymous_2)","decl":{"start":{"line":47,"column":36},"end":{"line":47,"column":44}},"loc":{"start":{"line":47,"column":56},"end":{"line":47,"column":73}},"line":47}},"branchMap":{"0":{"loc":{"start":{"line":33,"column":12},"end":{"line":33,"column":null}},"type":"binary-expr","locations":[{"start":{"line":33,"column":12},"end":{"line":33,"column":44}},{"start":{"line":33,"column":44},"end":{"line":33,"column":69}},{"start":{"line":33,"column":69},"end":{"line":33,"column":null}}],"line":33},"1":{"loc":{"start":{"line":37,"column":4},"end":{"line":44,"column":null}},"type":"if","locations":[{"start":{"line":37,"column":4},"end":{"line":44,"column":null}},{"start":{},"end":{}}],"line":37},"2":{"loc":{"start":{"line":54,"column":28},"end":{"line":54,"column":null}},"type":"cond-expr","locations":[{"start":{"line":54,"column":42},"end":{"line":54,"column":61}},{"start":{"line":54,"column":61},"end":{"line":54,"column":null}}],"line":54}},"s":{"0":3,"1":8,"2":3,"3":1,"4":2,"5":6,"6":2,"7":2,"8":2,"9":2,"10":3,"11":3},"f":{"0":3,"1":8,"2":6},"b":{"0":[8,8,8],"1":[1,2],"2":[2,0]},"meta":{"lastBranch":3,"lastFunction":3,"lastStatement":12,"seen":{"f:26:2:26:Infinity":0,"s:32:24:34:Infinity":0,"f:32:47:32:Infinity":1,"s:33:12:33:Infinity":1,"b:33:12:33:44:33:44:33:69:33:69:33:Infinity":0,"b:37:4:44:Infinity:undefined:undefined:undefined:undefined":1,"s:37:4:44:Infinity":2,"s:38:6:43:Infinity":3,"s:47:24:47:Infinity":4,"f:47:36:47:44":2,"s:47:56:47:73":5,"s:48:20:48:Infinity":6,"s:51:32:51:Infinity":7,"s:52:22:52:Infinity":8,"s:54:28:54:Infinity":9,"b:54:42:54:61:54:61:54:Infinity":2,"s:57:23:57:Infinity":10,"s:59:4:64:Infinity":11},"fnNames":{}}}
,"D:\\Documentos\\Iniciativas\\FinanzasPersonales\\zenmoney\\src\\domain\\usecases\\DetectRegistrationGap.ts": {"path":"D:\\Documentos\\Iniciativas\\FinanzasPersonales\\zenmoney\\src\\domain\\usecases\\DetectRegistrationGap.ts","statementMap":{"0":{"start":{"line":18,"column":25},"end":{"line":18,"column":null}},"1":{"start":{"line":19,"column":22},"end":{"line":19,"column":null}},"2":{"start":{"line":20,"column":34},"end":{"line":20,"column":null}},"3":{"start":{"line":29,"column":22},"end":{"line":31,"column":null}},"4":{"start":{"line":30,"column":20},"end":{"line":30,"column":45}},"5":{"start":{"line":31,"column":23},"end":{"line":31,"column":70}},"6":{"start":{"line":33,"column":4},"end":{"line":36,"column":null}},"7":{"start":{"line":35,"column":6},"end":{"line":35,"column":null}},"8":{"start":{"line":38,"column":18},"end":{"line":38,"column":null}},"9":{"start":{"line":39,"column":23},"end":{"line":39,"column":null}},"10":{"start":{"line":40,"column":37},"end":{"line":40,"column":null}},"11":{"start":{"line":42,"column":26},"end":{"line":42,"column":null}},"12":{"start":{"line":43,"column":4},"end":{"line":43,"column":null}},"13":{"start":{"line":44,"column":29},"end":{"line":44,"column":null}},"14":{"start":{"line":46,"column":24},"end":{"line":46,"column":null}},"15":{"start":{"line":46,"column":47},"end":{"line":46,"column":85}},"16":{"start":{"line":47,"column":28},"end":{"line":47,"column":null}},"17":{"start":{"line":51,"column":22},"end":{"line":51,"column":null}},"18":{"start":{"line":53,"column":4},"end":{"line":57,"column":null}}},"fnMap":{"0":{"name":"execute","decl":{"start":{"line":28,"column":2},"end":{"line":28,"column":10}},"loc":{"start":{"line":28,"column":84},"end":{"line":58,"column":null}},"line":28},"1":{"name":"(anonymous_1)","decl":{"start":{"line":30,"column":7},"end":{"line":30,"column":14}},"loc":{"start":{"line":30,"column":20},"end":{"line":30,"column":45}},"line":30},"2":{"name":"(anonymous_2)","decl":{"start":{"line":31,"column":7},"end":{"line":31,"column":13}},"loc":{"start":{"line":31,"column":23},"end":{"line":31,"column":70}},"line":31},"3":{"name":"(anonymous_3)","decl":{"start":{"line":46,"column":34},"end":{"line":46,"column":41}},"loc":{"start":{"line":46,"column":47},"end":{"line":46,"column":85}},"line":46}},"branchMap":{"0":{"loc":{"start":{"line":31,"column":23},"end":{"line":31,"column":70}},"type":"cond-expr","locations":[{"start":{"line":31,"column":63},"end":{"line":31,"column":67}},{"start":{"line":31,"column":67},"end":{"line":31,"column":70}}],"line":31},"1":{"loc":{"start":{"line":33,"column":4},"end":{"line":36,"column":null}},"type":"if","locations":[{"start":{"line":33,"column":4},"end":{"line":36,"column":null}},{"start":{},"end":{}}],"line":33},"2":{"loc":{"start":{"line":47,"column":28},"end":{"line":47,"column":null}},"type":"cond-expr","locations":[{"start":{"line":47,"column":46},"end":{"line":47,"column":76}},{"start":{"line":47,"column":76},"end":{"line":47,"column":null}}],"line":47}},"s":{"0":1,"1":1,"2":1,"3":4,"4":34,"5":32,"6":4,"7":1,"8":3,"9":3,"10":3,"11":3,"12":3,"13":3,"14":3,"15":31,"16":3,"17":4,"18":4},"f":{"0":4,"1":34,"2":32,"3":31},"b":{"0":[24,8],"1":[1,3],"2":[2,1]},"meta":{"lastBranch":3,"lastFunction":4,"lastStatement":19,"seen":{"s:18:25:18:Infinity":0,"s:19:22:19:Infinity":1,"s:20:34:20:Infinity":2,"f:28:2:28:10":0,"s:29:22:31:Infinity":3,"f:30:7:30:14":1,"s:30:20:30:45":4,"f:31:7:31:13":2,"s:31:23:31:70":5,"b:31:63:31:67:31:67:31:70":0,"b:33:4:36:Infinity:undefined:undefined:undefined:undefined":1,"s:33:4:36:Infinity":6,"s:35:6:35:Infinity":7,"s:38:18:38:Infinity":8,"s:39:23:39:Infinity":9,"s:40:37:40:Infinity":10,"s:42:26:42:Infinity":11,"s:43:4:43:Infinity":12,"s:44:29:44:Infinity":13,"s:46:24:46:Infinity":14,"f:46:34:46:41":3,"s:46:47:46:85":15,"s:47:28:47:Infinity":16,"b:47:46:47:76:47:76:47:Infinity":2,"s:51:22:51:Infinity":17,"s:53:4:57:Infinity":18},"fnNames":{}}}
,"D:\\Documentos\\Iniciativas\\FinanzasPersonales\\zenmoney\\src\\domain\\usecases\\GenerateRecurringInstances.ts": {"path":"D:\\Documentos\\Iniciativas\\FinanzasPersonales\\zenmoney\\src\\domain\\usecases\\GenerateRecurringInstances.ts","statementMap":{"0":{"start":{"line":20,"column":22},"end":{"line":20,"column":62}},"1":{"start":{"line":30,"column":21},"end":{"line":30,"column":null}},"2":{"start":{"line":31,"column":19},"end":{"line":31,"column":null}},"3":{"start":{"line":32,"column":4},"end":{"line":32,"column":null}},"4":{"start":{"line":32,"column":27},"end":{"line":32,"column":null}},"5":{"start":{"line":34,"column":28},"end":{"line":34,"column":null}},"6":{"start":{"line":35,"column":21},"end":{"line":35,"column":null}},"7":{"start":{"line":36,"column":35},"end":{"line":36,"column":null}},"8":{"start":{"line":38,"column":30},"end":{"line":38,"column":null}},"9":{"start":{"line":39,"column":26},"end":{"line":41,"column":null}},"10":{"start":{"line":40,"column":34},"end":{"line":40,"column":111}},"11":{"start":{"line":43,"column":4},"end":{"line":74,"column":null}},"12":{"start":{"line":44,"column":6},"end":{"line":44,"column":null}},"13":{"start":{"line":44,"column":45},"end":{"line":44,"column":null}},"14":{"start":{"line":45,"column":20},"end":{"line":72,"column":null}},"15":{"start":{"line":73,"column":6},"end":{"line":73,"column":null}},"16":{"start":{"line":76,"column":4},"end":{"line":76,"column":null}},"17":{"start":{"line":83,"column":28},"end":{"line":83,"column":null}},"18":{"start":{"line":84,"column":20},"end":{"line":84,"column":null}},"19":{"start":{"line":87,"column":4},"end":{"line":87,"column":null}},"20":{"start":{"line":88,"column":18},"end":{"line":88,"column":null}},"21":{"start":{"line":89,"column":4},"end":{"line":89,"column":null}},"22":{"start":{"line":91,"column":4},"end":{"line":122,"column":null}},"23":{"start":{"line":92,"column":6},"end":{"line":92,"column":null}},"24":{"start":{"line":95,"column":6},"end":{"line":121,"column":null}},"25":{"start":{"line":96,"column":8},"end":{"line":96,"column":null}},"26":{"start":{"line":97,"column":13},"end":{"line":121,"column":null}},"27":{"start":{"line":98,"column":8},"end":{"line":98,"column":null}},"28":{"start":{"line":99,"column":13},"end":{"line":121,"column":null}},"2
[...]
,"D:\\Documentos\\Iniciativas\\FinanzasPersonales\\zenmoney\\src\\domain\\usecases\\TrendAnalysisUseCase.ts": {"path":"D:\\Documentos\\Iniciativas\\FinanzasPersonales\\zenmoney\\src\\domain\\usecases\\TrendAnalysisUseCase.ts","statementMap":{"0":{"start":{"line":23,"column":12},"end":{"line":23,"column":null}},"1":{"start":{"line":24,"column":12},"end":{"line":24,"column":null}},"2":{"start":{"line":28,"column":18},"end":{"line":28,"column":null}},"3":{"start":{"line":31,"column":37},"end":{"line":31,"column":null}},"4":{"start":{"line":32,"column":23},"end":{"line":32,"column":null}},"5":{"start":{"line":34,"column":4},"end":{"line":47,"column":null}},"6":{"start":{"line":34,"column":17},"end":{"line":34,"column":21}},"7":{"start":{"line":35,"column":16},"end":{"line":35,"column":null}},"8":{"start":{"line":36,"column":19},"end":{"line":36,"column":null}},"9":{"start":{"line":37,"column":20},"end":{"line":37,"column":null}},"10":{"start":{"line":38,"column":25},"end":{"line":38,"column":null}},"11":{"start":{"line":40,"column":6},"end":{"line":46,"column":null}},"12":{"start":{"line":49,"column":22},"end":{"line":49,"column":null}},"13":{"start":{"line":51,"column":16},"end":{"line":51,"column":null}},"14":{"start":{"line":54,"column":47},"end":{"line":54,"column":null}},"15":{"start":{"line":55,"column":4},"end":{"line":60,"column":null}},"16":{"start":{"line":56,"column":21},"end":{"line":56,"column":null}},"17":{"start":{"line":57,"column":22},"end":{"line":57,"column":null}},"18":{"start":{"line":58,"column":6},"end":{"line":58,"column":null}},"19":{"start":{"line":58,"column":59},"end":{"line":58,"column":80}},"20":{"start":{"line":59,"column":6},"end":{"line":59,"column":null}},"21":{"start":{"line":63,"column":4},"end":{"line":72,"column":null}},"22":{"start":{"line":64,"column":6},"end":{"line":64,"column":null}},"23":{"start":{"line":64,"column":37},"end":{"line":64,"column":null}},"24":{"start":{"line":66,"column":21},"end":{"line":66,"column":null}},"25":{"start":{"line":67,"column":20},"end":{"line":67,"column":null}},"26":{"start":{"line":67,"column":37},"end":{"line":67,"column":58}},"27":{"start":{"line":68,"column":6},"end":{"line":71,"column":null}},"28":{"start":{"line":69,"column":8},"end":{"line":69,"column":null}},"29":{"start":{"line":69,"column":34},"end":{"line":69,"column":null}},"30":{"start":{"line":70,"column":8},"end":{"line":70,"column":null}},"31":{"start":{"line":70,"column":35},"end":{"line":70,"column":null}},"32":{"start":{"line":74,"column":4},"end":{"line":74,"column":null}}},"fnMap":{"0":{"name":"constructor","decl":{"start":{"line":22,"column":2},"end":{"line":22,"column":null}},"loc":{"start":{"line":25,"column":4},"end":{"line":25,"column":null}},"line":25},"1":{"name":"execute","decl":{"start":{"line":27,"column":8},"end":{"line":27,"column":45}},"loc":{"start":{"line":27,"column":45},"end":{"line":75,"column":null}},"line":27},"2":{"name":"(anonymous_2)","decl":{"start":{"line":58,"column":40},"end":{"line":58,"column":48}},"loc":{"start":{"line":58,"column":59},"end":{"line":58,"column":80}},"line":58},"3":{"name":"(anonymous_3)","decl":{"start":{"line":67,"column":27},"end":{"line":67,"column":32}},"loc":{"start":{"line":67,"column":37},"end":{"line":67,"column":58}},"line":67}},"branchMap":{"0":{"loc":{"start":{"line":64,"column":6},"end":{"line":64,"column":null}},"type":"if","locations":[{"start":{"line":64,"column":6},"end":{"line":64,"column":null}},{"start":{},"end":{}}],"line":64},"1":{"loc":{"start":{"line":68,"column":6},"end":{"line":71,"column":null}},"type":"if","locations":[{"start":{"line":68,"column":6},"end":{"line":71,"column":null}},{"start":{},"end":{}}],"line":68},"2":{"loc":{"start":{"line":69,"column":8},"end":{"line":69,"column":null}},"type":"if","locations":[{"start":{"line":69,"column":8},"end":{"line":69,"column":null}},{"start":{},"end":{}}],"line":69},"3":{"loc":{"start":{"line":70,"column":8},"end":{"line":70,"column":null}},"type":"if","locations":[{"start":{"line":70,"column":8},"end":{"line":70,"column":null}},{"start":{},"end":{}}],"line":70}},"s":{"0":1,"1":1,"2":1,"3":1,"4":1,"5":1,"6":1,"7":12,"8":12,"9":12,"10":12,"11":12,"12":1,"13":1,"14":1,"15":1,"16":12,"17":12,"18":12,"19":12,"20":12,"21":1,"22":2,"23":0,"24":2,"25":2,"26":24,"27":2,"28":2,"29":1,"30":2,"31":1,"32":1},"f":{"0":1,"1":1,"2":12,"3":24},"b":{"0":[0,2],"1":[2,0],"2":[1,1],"3":[1,1]},"meta":{"lastBranch":4,"lastFunction":4,"lastStatement":33,"seen":{"f:22:2:22:Infinity":0,"s:23:12:23:Infinity":0,"s:24:12:24:Infinity":1,"f:27:8:27:45":1,"s:28:18:28:Infinity":2,"s:31:37:31:Infinity":3,"s:32:23:32:Infinity":4,"s:34:4:47:Infinity":5,"s:34:17:34:21":6,"s:35:16:35:Infinity":7,"s:36:19:36:Infinity":8,"s:37:20:37:Infinity":9,"s:38:25:38:Infinity":10,"s:40:6:46:Infinity":11,"s:49:22:49:Infinity":12,"s:51:16:51:Infinity":13,"s:54:47:54:Infinity":14,"s:55:4:60:Infinity":15,"s:56:21:56:Infinity":16,"s:57:22:57:Infinity":17,"s:58:6:58:Infinity":18,"f:58:40:58:48":2,"s:58:59:58:80":19,"s:59:6:59:Infinity":20,"s:63:4:72:Infinity":21,"b:64:6:64:Infinity:undefined:undefined:undefined:undefined":0,"s:64:6:64:Infinity":22,"s:64:37:64:Infinity":23,"s:66:21:66:Infinity":24,"s:67:20:67:Infinity":25,"f:67:27:67:32":3,"s:67:37:67:58":26,"b:68:6:71:Infinity:undefined:undefined:undefined:undefined":1,"s:68:6:71:Infinity":27,"b:69:8:69:Infinity:undefined:undefined:undefined:undefined":2,"s:69:8:69:Infinity":28,"s:69:34:69:Infinity":29,"b:70:8:70:Infinity:undefined:undefined:undefined:undefined":3,"s:70:8:70:Infinity":30,"s:70:35:70:Infinity":31,"s:74:4:74:Infinity":32},"fnNames":{}}}
,"D:\\Documentos\\Iniciativas\\FinanzasPersonales\\zenmoney\\src\\domain\\usecases\\ValidateTransaction.ts": {"path":"D:\\Documentos\\Iniciativas\\FinanzasPersonales\\zenmoney\\src\\domain\\usecases\\ValidateTransaction.ts","statementMap":{"0":{"start":{"line":21,"column":29},"end":{"line":21,"column":null}},"1":{"start":{"line":24,"column":22},"end":{"line":24,"column":null}},"2":{"start":{"line":25,"column":4},"end":{"line":28,"column":null}},"3":{"start":{"line":26,"column":30},"end":{"line":26,"column":null}},"4":{"start":{"line":26,"column":66},"end":{"line":26,"column":77}},"5":{"start":{"line":27,"column":6},"end":{"line":27,"column":null}},"6":{"start":{"line":31,"column":26},"end":{"line":31,"column":null}},"7":{"start":{"line":31,"column":55},"end":{"line":31,"column":97}},"8":{"start":{"line":32,"column":4},"end":{"line":34,"column":null}},"9":{"start":{"line":33,"column":6},"end":{"line":33,"column":null}},"10":{"start":{"line":37,"column":4},"end":{"line":42,"column":null}},"11":{"start":{"line":38,"column":36},"end":{"line":38,"column":null}},"12":{"start":{"line":38,"column":65},"end":{"line":38,"column":117}},"13":{"start":{"line":39,"column":6},"end":{"line":41,"column":null}},"14":{"start":{"line":40,"column":8},"end":{"line":40,"column":null}},"15":{"start":{"line":45,"column":4},"end":{"line":59,"column":null}},"16":{"start":{"line":46,"column":20},"end":{"line":46,"column":null}},"17":{"start":{"line":47,"column":21},"end":{"line":47,"column":null}},"18":{"start":{"line":48,"column":22},"end":{"line":48,"column":null}},"19":{"start":{"line":49,"column":20},"end":{"line":49,"column":null}},"20":{"start":{"line":51,"column":21},"end":{"line":51,"column":null}},"21":{"start":{"line":52,"column":29},"end":{"line":52,"column":null}},"22":{"start":{"line":53,"column":6},"end":{"line":53,"column":null}},"23":{"start":{"line":54,"column":6},"end":{"line":54,"column":null}},"24":{"start":{"line":56,"column":6},"end":{"line":58,"column":null}},"25":{"start":{"line":57,"column":8},"end":{"line":57,"column":null}},"26":{"start":{"line":62,"column":25},"end":{"line":62,"column":null}},"27":{"start":{"line":64,"column":4},"end":{"line":67,"column":null}},"28":{"start":{"line":78,"column":4},"end":{"line":78,"column":null}},"29":{"start":{"line":78,"column":37},"end":{"line":78,"column":null}},"30":{"start":{"line":80,"column":57},"end":{"line":84,"column":null}},"31":{"start":{"line":86,"column":20},"end":{"line":86,"column":null}},"32":{"start":{"line":87,"column":4},"end":{"line":92,"column":null}},"33":{"start":{"line":88,"column":6},"end":{"line":91,"column":null}},"34":{"start":{"line":94,"column":4},"end":{"line":94,"column":null}}},"fnMap":{"0":{"name":"execute","decl":{"start":{"line":20,"column":2},"end":{"line":20,"column":10}},"loc":{"start":{"line":20,"column":86},"end":{"line":68,"column":null}},"line":20},"1":{"name":"(anonymous_1)","decl":{"start":{"line":26,"column":53},"end":{"line":26,"column":58}},"loc":{"start":{"line":26,"column":66},"end":{"line":26,"column":77}},"line":26},"2":{"name":"(anonymous_2)","decl":{"start":{"line":31,"column":41},"end":{"line":31,"column":47}},"loc":{"start":{"line":31,"column":55},"end":{"line":31,"column":97}},"line":31},"3":{"name":"(anonymous_3)","decl":{"start":{"line":38,"column":51},"end":{"line":38,"column":57}},"loc":{"start":{"line":38,"column":65},"end":{"line":38,"column":117}},"line":38},"4":{"name":"validateStatusTransition","decl":{"start":{"line":77,"column":2},"end":{"line":77,"column":27}},"loc":{"start":{"line":77,"column":107},"end":{"line":95,"column":null}},"line":77}},"branchMap":{"0":{"loc":{"start":{"line":25,"column":4},"end":{"line":28,"column":null}},"type":"if","locations":[{"start":{"line":25,"column":4},"end":{"line":28,"column":null}},{"start":{},"end":{}}],"line":25},"1":{"loc":{"start":{"line":31,"column":55},"end":{"line":31,"column":97}},"type":"binary-expr","locations":[{"start":{"line":31,"column":55},"end":{"line":31,"column":85}},{"start":{"line":31,"column":85},"end":{"line":31,"column":97}}],"line":31},"2":{"loc":{"start":{"line":32,"column":4},"end":{"line":34,"column":null}},"type":"if","locations":[{"start":{"line":32,"column":4},"end":{"line":34,"column":null}},{"start":{},"end":{}}],"line":32},"3":{"loc":{"start":{"line":37,"column":4},"end":{"line":42,"column":null}},"type":"if","locations":[{"start":{"line":37,"column":4},"end":{"line":42,"column":null}},{"start":{},"end":{}}],"line":37},"4":{"loc":{"start":{"line":37,"column":8},"end":{"line":37,"column":64}},"type":"binary-expr","locations":[{"start":{"line":37,"column":8},"end":{"line":37,"column":37}},{"start":{"line":37,"column":37},"end":{"line":37,"column":64}}],"line":37},"5":{"loc":{"start":{"line":38,"column":65},"end":{"line":38,"column":117}},"type":"binary-expr","locations":[{"start":{"line":38,"column":65},"end":{"line":38,"column":105}},{"start":{"line":38,"column":105},"end":{"line":38,"column":117}}],"line":38},"6":{"loc":{"start":{"line":39,"column":6},"end":{"line":41,"column":null}},"type":"if","locations":[{"start":{"line":39,"column":6},"end":{"line":41,"column":null}},{"start":{},"end":{}}],"line":39},"7":{"loc":{"start":{"line":45,"column":4},"end":{"line":59,"column":null}},"type":"if","locations":[{"start":{"line":45,"column":4},"end":{"line":59,"column":null}},{"start":{},"end":{}}],"line":45},"8":{"loc":{"start":{"line":56,"column":6},"end":{"line":58,"column":null}},"type":"if","locations":[{"start":{"line":56,"column":6},"end":{"line":58,"column":null}},{"start":{},"end":{}}],"line":56},"9":{"loc":{"start":{"line":78,"column":4},"end":{"line":78,"column":null}},"type":"if","locations":[{"start":{"line":78,"column":4},"end":{"line":78,"column":null}},{"start":{},"end":{}}],"line":78},"10":{"loc":{"start":{"line":86,"column":20},"end":{"line":86,"column":null}},"type":"binary-expr","locations":[{"start":{"line":86,"column":20},"end":{"line":86,"column":57}},{"start":{"line":86,"column":57},"end":{"line":86,"column":null}}],"line":86},"11":{"loc":{"start":{"line":87,"column":4},"end":{"line":92,"column":null}},"type":"if","locations":[{"start":{"line":87,"column":4},"end":{"line":92,"column":null}},{"start":{},"end":{}}],"line":87}},"s":{"0":8,"1":8,"2":8,"3":5,"4":5,"5":5,"6":8,"7":10,"8":8,"9":1,"10":8,"11":2,"12":4,"13":2,"14":1,"15":8,"16":2,"17":2,"18":2,"19":2,"20":2,"21":2,"22":2,"23":2,"24":2,"25":0,"26":8,"27":8,"28":6,"29":1,"30":5,"31":5,"32":6,"33":1,"34":4},"f":{"0":8,"1":5,"2":10,"3":4,"4":6},"b":{"0":[5,3],"1":[10,8],"2":[1,7],"3":[2,6],"4":[8,2],"5":[4,2],"6":[1,1],"7":[2,6],"8":[0,2],"9":[1,5],"10":[5,0],"11":[1,5]},"meta":{"lastBranch":12,"lastFunction":5,"lastStatement":35,"seen":{"f:20:2:20:10":0,"s:21:29:21:Infinity":0,"s:24:22:24:Infinity":1,"b:25:4:28:Infinity:undefined:undefined:undefined:undefined":0,"s:25:4:28:Infinity":2,"s:26:30:26:Infinity":3,"f:26:53:26:58":1,"s:26:66:26:77":4,"s:27:6:27:Infinity":5,"s:31:26:31:Infinity":6,"f:31:41:31:47":2,"s:31:55:31:97":7,"b:31:55:31:85:31:85:31:97":1,"b:32:4:34:Infinity:undefined:undefined:undefined:undefined":2,"s:32:4:34:Infinity":8,"s:33:6:33:Infinity":9,"b:37:4:42:Infinity:undefined:undefined:undefined:undefined":3,"s:37:4:42:Infinity":10,"b:37:8:37:37:37:37:37:64":4,"s:38:36:38:Infinity":11,"f:38:51:38:57":3,"s:38:65:38:117":12,"b:38:65:38:105:38:105:38:117":5,"b:39:6:41:Infinity:undefined:undefined:undefined:undefined":6,"s:39:6:41:Infinity":13,"s:40:8:40:Infinity":14,"b:45:4:59:Infinity:undefined:undefined:undefined:undefined":7,"s:45:4:59:Infinity":15,"s:46:20:46:Infinity":16,"s:47:21:47:Infinity":17,"s:48:22:48:Infinity":18,"s:49:20:49:Infinity":19,"s:51:21:51:Infinity":20,"s:52:29:52:Infinity":21,"s:53:6:53:Infinity":22,"s:54:6:54:Infinity":23,"b:56:6:58:Infinity:undefined:undefined:undefined:undefined":8,"s:56:6:58:Infinity":24,"s:57:8:57:Infinity":25,"s:62:25:62:Infinity":26,"s:64:4:67:Infinity":27,"f:77:2:77:27":4,"b:78:4:78:Infinity:undefined:undefined:undefined:undefined":9,"s:78:4:78:Infinity":28,"s:78:37:78:Infinity":29,"s:80:57:84:Infinity":30,"s:86:20:86:Infinity":31,"b:86:20:86:57:86:57:86:Infinity":10,"b:87:4:92:Infinity:undefined:undefined:undefined:undefined":11,"s:87:4:92:Infinity":32,"s:88:6:91:Infinity":33,"s:94:4:94:Infinity":34},"fnNames":{}}}
,"D:\\Documentos\\Iniciativas\\FinanzasPersonales\\zenmoney\\src\\domain\\value-objects\\Money.ts": {"path":"D:\\Documentos\\Iniciativas\\FinanzasPersonales\\zenmoney\\src\\domain\\value-objects\\Money.ts","statementMap":{"0":{"start":{"line":12,"column":4},"end":{"line":12,"column":null}},"1":{"start":{"line":13,"column":4},"end":{"line":13,"column":null}},"2":{"start":{"line":17,"column":4},"end":{"line":17,"column":null}},"3":{"start":{"line":21,"column":4},"end":{"line":21,"column":null}},"4":{"start":{"line":25,"column":4},"end":{"line":25,"column":null}},"5":{"start":{"line":26,"column":4},"end":{"line":26,"column":null}},"6":{"start":{"line":30,"column":4},"end":{"line":30,"column":null}},"7":{"start":{"line":31,"column":4},"end":{"line":31,"column":null}},"8":{"start":{"line":35,"column":4},"end":{"line":35,"column":null}},"9":{"start":{"line":39,"column":4},"end":{"line":39,"column":null}},"10":{"start":{"line":43,"column":4},"end":{"line":43,"column":null}},"11":{"start":{"line":47,"column":4},"end":{"line":47,"column":null}},"12":{"start":{"line":51,"column":4},"end":{"line":51,"column":null}},"13":{"start":{"line":55,"column":4},"end":{"line":60,"column":null}},"14":{"start":{"line":64,"column":4},"end":{"line":66,"column":null}},"15":{"start":{"line":65,"column":6},"end":{"line":65,"column":null}}},"fnMap":{"0":{"name":"constructor","decl":{"start":{"line":10,"column":2},"end":{"line":10,"column":14}},"loc":{"start":{"line":10,"column":56},"end":{"line":14,"column":null}},"line":10},"1":{"name":"from","decl":{"start":{"line":16,"column":9},"end":{"line":16,"column":14}},"loc":{"start":{"line":16,"column":63},"end":{"line":18,"column":null}},"line":16},"2":{"name":"zero","decl":{"start":{"line":20,"column":9},"end":{"line":20,"column":14}},"loc":{"start":{"line":20,"column":47},"end":{"line":22,"column":null}},"line":20},"3":{"name":"add","decl":{"start":{"line":24,"column":2},"end":{"line":24,"column":6}},"loc":{"start":{"line":24,"column":27},"end":{"line":27,"column":null}},"line":24},"4":{"name":"subtract","decl":{"start":{"line":29,"column":2},"end":{"line":29,"column":11}},"loc":{"start":{"line":29,"column":32},"end":{"line":32,"column":null}},"line":29},"5":{"name":"multiply","decl":{"start":{"line":34,"column":2},"end":{"line":34,"column":11}},"loc":{"start":{"line":34,"column":34},"end":{"line":36,"column":null}},"line":34},"6":{"name":"equals","decl":{"start":{"line":38,"column":2},"end":{"line":38,"column":9}},"loc":{"start":{"line":38,"column":32},"end":{"line":40,"column":null}},"line":38},"7":{"name":"isPositive","decl":{"start":{"line":42,"column":2},"end":{"line":42,"column":24}},"loc":{"start":{"line":42,"column":24},"end":{"line":44,"column":null}},"line":42},"8":{"name":"isNegative","decl":{"start":{"line":46,"column":2},"end":{"line":46,"column":24}},"loc":{"start":{"line":46,"column":24},"end":{"line":48,"column":null}},"line":46},"9":{"name":"isZero","decl":{"start":{"line":50,"column":2},"end":{"line":50,"column":20}},"loc":{"start":{"line":50,"column":20},"end":{"line":52,"column":null}},"line":50},"10":{"name":"format","decl":{"start":{"line":54,"column":2},"end":{"line":54,"column":9}},"loc":{"start":{"line":54,"column":43},"end":{"line":61,"column":null}},"line":54},"11":{"name":"assertSameCurrency","decl":{"start":{"line":63,"column":2},"end":{"line":63,"column":10}},"loc":{"start":{"line":63,"column":49},"end":{"line":67,"column":null}},"line":63}},"branchMap":{"0":{"loc":{"start":{"line":10,"column":30},"end":{"line":10,"column":56}},"type":"default-arg","locations":[{"start":{"line":10,"column":49},"end":{"line":10,"column":56}}],"line":10},"1":{"loc":{"start":{"line":16,"column":30},"end":{"line":16,"column":63}},"type":"default-arg","locations":[{"start":{"line":16,"column":49},"end":{"line":16,"column":63}}],"line":16},"2":{"loc":{"start":{"line":20,"column":14},"end":{"line":20,"column":47}},"type":"default-arg","locations":[{"start":{"line":20,"column":33},"end":{"line":20,"column":47}}],"line":20},"3":{"loc":{"start":{"line":39,"column":11},"end":{"line":39,"column":null}},"type":"binary-expr","locations":[{"start":{"line":39,"column":11},"end":{"line":39,"column":43}},{"start":{"line":39,"column":43},"end":{"line":39,"column":null}}],"line":39},"4":{"loc":{"start":{"line":54,"column":9},"end":{"line":54,"column":43}},"type":"default-arg","locations":[{"start":{"line":54,"column":26},"end":{"line":54,"column":43}}],"line":54},"5":{"loc":{"start":{"line":64,"column":4},"end":{"line":66,"column":null}},"type":"if","locations":[{"start":{"line":64,"column":4},"end":{"line":66,"column":null}},{"start":{},"end":{}}],"line":64}},"s":{"0":22,"1":22,"2":16,"3":2,"4":2,"5":2,"6":2,"7":2,"8":1,"9":3,"10":2,"11":2,"12":1,"13":1,"14":4,"15":2},"f":{"0":22,"1":2,"2":2,"3":2,"4":2,"5":1,"6":3,"7":2,"8":2,"9":1,"10":1,"11":4},"b":{"0":[22],"1":[16],"2":[2],"3":[3,2],"4":[1],"5":[2,2]},"meta":{"lastBranch":6,"lastFunction":12,"lastStatement":16,"seen":{"f:10:2:10:14":0,"b:10:49:10:56":0,"s:12:4:12:Infinity":0,"s:13:4:13:Infinity":1,"f:16:9:16:14":1,"b:16:49:16:63":1,"s:17:4:17:Infinity":2,"f:20:9:20:14":2,"b:20:33:20:47":2,"s:21:4:21:Infinity":3,"f:24:2:24:6":3,"s:25:4:25:Infinity":4,"s:26:4:26:Infinity":5,"f:29:2:29:11":4,"s:30:4:30:Infinity":6,"s:31:4:31:Infinity":7,"f:34:2:34:11":5,"s:35:4:35:Infinity":8,"f:38:2:38:9":6,"s:39:4:39:Infinity":9,"b:39:11:39:43:39:43:39:Infinity":3,"f:42:2:42:24":7,"s:43:4:43:Infinity":10,"f:46:2:46:24":8,"s:47:4:47:Infinity":11,"f:50:2:50:20":9,"s:51:4:51:Infinity":12,"f:54:2:54:9":10,"b:54:26:54:43":4,"s:55:4:60:Infinity":13,"f:63:2:63:10":11,"b:64:4:66:Infinity:undefined:undefined:undefined:undefined":5,"s:64:4:66:Infinity":14,"s:65:6:65:Infinity":15},"fnNames":{}}}
}
